2017-12-15 16:26:19.152+0000 WARN [o.n.i.p.PageCache] The dbms.memory.pagecache.size setting has not been configured. It is recommended that this setting is always explicitly configured, to ensure the system has a balanced configuration. Until then, a computed heuristic value of 3102005248 bytes will be used instead. 
2017-12-15 16:26:19.281+0000 INFO [o.n.k.i.f.CommunityEditionModule] No locking implementation specified, defaulting to 'community'
2017-12-15 16:26:19.495+0000 INFO [o.n.k.AvailabilityGuard] Requirement makes database unavailable: Database available
2017-12-15 16:26:19.522+0000 INFO [o.n.k.i.DiagnosticsManager] --- INITIALIZED diagnostics START ---
2017-12-15 16:26:19.522+0000 INFO [o.n.k.i.DiagnosticsManager] Neo4j Kernel properties:
2017-12-15 16:26:19.523+0000 INFO [o.n.k.i.DiagnosticsManager] unsupported.dbms.edition=community
2017-12-15 16:26:19.523+0000 INFO [o.n.k.i.DiagnosticsManager] unsupported.dbms.directories.neo4j_home=/home/cawo/eclipse-workspace/ArpenteurGraph/~/home/cawo/Bureau/Graph/Informatique_L2_S3_G1
2017-12-15 16:26:19.524+0000 INFO [o.n.k.i.DiagnosticsManager] unsupported.dbms.ephemeral=false
2017-12-15 16:26:19.525+0000 INFO [o.n.k.i.DiagnosticsManager] Diagnostics providers:
2017-12-15 16:26:19.526+0000 INFO [o.n.k.i.DiagnosticsManager] org.neo4j.kernel.configuration.Config
2017-12-15 16:26:19.526+0000 INFO [o.n.k.i.DiagnosticsManager] org.neo4j.kernel.info.DiagnosticsManager
2017-12-15 16:26:19.527+0000 INFO [o.n.k.i.DiagnosticsManager] SYSTEM_MEMORY
2017-12-15 16:26:19.527+0000 INFO [o.n.k.i.DiagnosticsManager] JAVA_MEMORY
2017-12-15 16:26:19.527+0000 INFO [o.n.k.i.DiagnosticsManager] OPERATING_SYSTEM
2017-12-15 16:26:19.527+0000 INFO [o.n.k.i.DiagnosticsManager] JAVA_VIRTUAL_MACHINE
2017-12-15 16:26:19.527+0000 INFO [o.n.k.i.DiagnosticsManager] CLASSPATH
2017-12-15 16:26:19.527+0000 INFO [o.n.k.i.DiagnosticsManager] LIBRARY_PATH
2017-12-15 16:26:19.527+0000 INFO [o.n.k.i.DiagnosticsManager] SYSTEM_PROPERTIES
2017-12-15 16:26:19.528+0000 INFO [o.n.k.i.DiagnosticsManager] LINUX_SCHEDULERS
2017-12-15 16:26:19.528+0000 INFO [o.n.k.i.DiagnosticsManager] NETWORK
2017-12-15 16:26:19.528+0000 INFO [o.n.k.i.DiagnosticsManager] System memory information:
2017-12-15 16:26:19.530+0000 INFO [o.n.k.i.DiagnosticsManager] Total Physical memory: 7,43 GB
2017-12-15 16:26:19.531+0000 INFO [o.n.k.i.DiagnosticsManager] Free Physical memory: 148,59 MB
2017-12-15 16:26:19.531+0000 INFO [o.n.k.i.DiagnosticsManager] Committed virtual memory: 4,26 GB
2017-12-15 16:26:19.531+0000 INFO [o.n.k.i.DiagnosticsManager] Total swap space: 7,63 GB
2017-12-15 16:26:19.531+0000 INFO [o.n.k.i.DiagnosticsManager] Free swap space: 7,62 GB
2017-12-15 16:26:19.532+0000 INFO [o.n.k.i.DiagnosticsManager] JVM memory information:
2017-12-15 16:26:19.532+0000 INFO [o.n.k.i.DiagnosticsManager] Free  memory: 75,76 MB
2017-12-15 16:26:19.532+0000 INFO [o.n.k.i.DiagnosticsManager] Total memory: 115,00 MB
2017-12-15 16:26:19.532+0000 INFO [o.n.k.i.DiagnosticsManager] Max   memory: 1,65 GB
2017-12-15 16:26:19.536+0000 INFO [o.n.k.i.DiagnosticsManager] Garbage Collector: PS Scavenge: [PS Eden Space, PS Survivor Space]
2017-12-15 16:26:19.536+0000 INFO [o.n.k.i.DiagnosticsManager] Garbage Collector: PS MarkSweep: [PS Eden Space, PS Survivor Space, PS Old Gen]
2017-12-15 16:26:19.537+0000 INFO [o.n.k.i.DiagnosticsManager] Memory Pool: Code Cache (Non-heap memory): committed=3,56 MB, used=3,55 MB, max=240,00 MB, threshold=0,00 B
2017-12-15 16:26:19.538+0000 INFO [o.n.k.i.DiagnosticsManager] Memory Pool: Metaspace (Non-heap memory): committed=10,13 MB, used=9,40 MB, max=-1,00 B, threshold=0,00 B
2017-12-15 16:26:19.538+0000 INFO [o.n.k.i.DiagnosticsManager] Memory Pool: Compressed Class Space (Non-heap memory): committed=1,38 MB, used=1,23 MB, max=1,00 GB, threshold=0,00 B
2017-12-15 16:26:19.539+0000 INFO [o.n.k.i.DiagnosticsManager] Memory Pool: PS Eden Space (Heap memory): committed=30,00 MB, used=23,21 MB, max=624,00 MB, threshold=?
2017-12-15 16:26:19.539+0000 INFO [o.n.k.i.DiagnosticsManager] Memory Pool: PS Survivor Space (Heap memory): committed=5,00 MB, used=4,99 MB, max=5,00 MB, threshold=?
2017-12-15 16:26:19.540+0000 INFO [o.n.k.i.DiagnosticsManager] Memory Pool: PS Old Gen (Heap memory): committed=80,00 MB, used=11,04 MB, max=1,24 GB, threshold=0,00 B
2017-12-15 16:26:19.540+0000 INFO [o.n.k.i.DiagnosticsManager] Operating system information:
2017-12-15 16:26:19.541+0000 INFO [o.n.k.i.DiagnosticsManager] Operating System: Linux; version: 4.10.0-40-generic; arch: amd64; cpus: 4
2017-12-15 16:26:19.541+0000 INFO [o.n.k.i.DiagnosticsManager] Max number of file descriptors: 1048576
2017-12-15 16:26:19.541+0000 INFO [o.n.k.i.DiagnosticsManager] Number of open file descriptors: 70
2017-12-15 16:26:19.544+0000 INFO [o.n.k.i.DiagnosticsManager] Process id: 19218@cawo-Menthe
2017-12-15 16:26:19.544+0000 INFO [o.n.k.i.DiagnosticsManager] Byte order: LITTLE_ENDIAN
2017-12-15 16:26:19.544+0000 INFO [o.n.k.i.DiagnosticsManager] Local timezone: Europe/Paris
2017-12-15 16:26:19.545+0000 INFO [o.n.k.i.DiagnosticsManager] JVM information:
2017-12-15 16:26:19.545+0000 INFO [o.n.k.i.DiagnosticsManager] VM Name: OpenJDK 64-Bit Server VM
2017-12-15 16:26:19.545+0000 INFO [o.n.k.i.DiagnosticsManager] VM Vendor: Oracle Corporation
2017-12-15 16:26:19.545+0000 INFO [o.n.k.i.DiagnosticsManager] VM Version: 25.151-b12
2017-12-15 16:26:19.545+0000 INFO [o.n.k.i.DiagnosticsManager] JIT compiler: HotSpot 64-Bit Tiered Compilers
2017-12-15 16:26:19.546+0000 INFO [o.n.k.i.DiagnosticsManager] VM Arguments: [-Dfile.encoding=UTF-8]
2017-12-15 16:26:19.546+0000 INFO [o.n.k.i.DiagnosticsManager] Java classpath:
2017-12-15 16:26:19.548+0000 INFO [o.n.k.i.DiagnosticsManager]  [bootstrap + classpath + loader.0] file:/usr/lib/jvm/java-8-openjdk-amd64/jre/lib/resources.jar
2017-12-15 16:26:19.548+0000 INFO [o.n.k.i.DiagnosticsManager]  [classpath + loader.0] file:/home/cawo/.m2/repository/org/apache/commons/commons-compress/1.12/commons-compress-1.12.jar
2017-12-15 16:26:19.548+0000 INFO [o.n.k.i.DiagnosticsManager]  [classpath + loader.0] file:/home/cawo/.m2/repository/org/neo4j/neo4j-collections/3.2.0/neo4j-collections-3.2.0.jar
2017-12-15 16:26:19.548+0000 INFO [o.n.k.i.DiagnosticsManager]  [classpath + loader.0] file:/home/cawo/.m2/repository/org/neo4j/neo4j-csv/3.2.0/neo4j-csv-3.2.0.jar
2017-12-15 16:26:19.548+0000 INFO [o.n.k.i.DiagnosticsManager]  [classpath + loader.0] file:/home/cawo/.m2/repository/org/neo4j/neo4j-jmx/3.2.0/neo4j-jmx-3.2.0.jar
2017-12-15 16:26:19.548+0000 INFO [o.n.k.i.DiagnosticsManager]  [classpath + loader.0] file:/home/cawo/.m2/repository/org/neo4j/neo4j-cypher/3.2.0/neo4j-cypher-3.2.0.jar
2017-12-15 16:26:19.548+0000 INFO [o.n.k.i.DiagnosticsManager]  [classpath + loader.0] file:/home/cawo/.m2/repository/org/ow2/asm/asm/5.2/asm-5.2.jar
2017-12-15 16:26:19.548+0000 INFO [o.n.k.i.DiagnosticsManager]  [classpath + loader.0] file:/home/cawo/.m2/repository/org/neo4j/neo4j-graph-matching/3.1.3/neo4j-graph-matching-3.1.3.jar
2017-12-15 16:26:19.548+0000 INFO [o.n.k.i.DiagnosticsManager]  [loader.1] file:/usr/lib/jvm/java-8-openjdk-amd64/jre/lib/ext/nashorn.jar
2017-12-15 16:26:19.548+0000 INFO [o.n.k.i.DiagnosticsManager]  [classpath + loader.0] file:/home/cawo/.m2/repository/org/parboiled/parboiled-core/1.1.7/parboiled-core-1.1.7.jar
2017-12-15 16:26:19.548+0000 INFO [o.n.k.i.DiagnosticsManager]  [loader.1] file:/usr/lib/jvm/java-8-openjdk-amd64/jre/lib/ext/icedtea-sound.jar
2017-12-15 16:26:19.548+0000 INFO [o.n.k.i.DiagnosticsManager]  [classpath + loader.0] file:/home/cawo/.m2/repository/org/apache/lucene/lucene-core/5.5.0/lucene-core-5.5.0.jar
2017-12-15 16:26:19.549+0000 INFO [o.n.k.i.DiagnosticsManager]  [classpath + loader.0] file:/home/cawo/.m2/repository/org/scala-lang/scala-reflect/2.11.8/scala-reflect-2.11.8.jar
2017-12-15 16:26:19.549+0000 INFO [o.n.k.i.DiagnosticsManager]  [loader.1] file:/usr/lib/jvm/java-8-openjdk-amd64/jre/lib/ext/sunjce_provider.jar
2017-12-15 16:26:19.549+0000 INFO [o.n.k.i.DiagnosticsManager]  [classpath + loader.0] file:/home/cawo/.m2/repository/org/neo4j/neo4j-unsafe/3.2.0/neo4j-unsafe-3.2.0.jar
2017-12-15 16:26:19.549+0000 INFO [o.n.k.i.DiagnosticsManager]  [classpath + loader.0] file:/home/cawo/.m2/repository/org/neo4j/neo4j-index/3.2.0/neo4j-index-3.2.0.jar
2017-12-15 16:26:19.549+0000 INFO [o.n.k.i.DiagnosticsManager]  [classpath + loader.0] file:/home/cawo/.m2/repository/com/github/ben-manes/caffeine/caffeine/2.3.3/caffeine-2.3.3.jar
2017-12-15 16:26:19.549+0000 INFO [o.n.k.i.DiagnosticsManager]  [bootstrap] /usr/lib/jvm/java-8-openjdk-amd64/jre/lib/sunrsasign.jar
2017-12-15 16:26:19.549+0000 INFO [o.n.k.i.DiagnosticsManager]  [classpath + loader.0] file:/home/cawo/.m2/repository/org/neo4j/neo4j-primitive-collections/3.2.0/neo4j-primitive-collections-3.2.0.jar
2017-12-15 16:26:19.549+0000 INFO [o.n.k.i.DiagnosticsManager]  [classpath + loader.0] file:/home/cawo/.m2/repository/org/apache/lucene/lucene-analyzers-common/5.5.0/lucene-analyzers-common-5.5.0.jar
2017-12-15 16:26:19.549+0000 INFO [o.n.k.i.DiagnosticsManager]  [classpath + loader.0] file:/home/cawo/.m2/repository/org/neo4j/neo4j-lucene-index/3.2.0/neo4j-lucene-index-3.2.0.jar
2017-12-15 16:26:19.549+0000 INFO [o.n.k.i.DiagnosticsManager]  [classpath + loader.0] file:/home/cawo/.m2/repository/net/sf/opencsv/opencsv/2.3/opencsv-2.3.jar
2017-12-15 16:26:19.549+0000 INFO [o.n.k.i.DiagnosticsManager]  [classpath + loader.0] file:/home/cawo/.m2/repository/org/neo4j/neo4j-graph-algo/3.2.0/neo4j-graph-algo-3.2.0.jar
2017-12-15 16:26:19.550+0000 INFO [o.n.k.i.DiagnosticsManager]  [classpath + loader.0] file:/home/cawo/.m2/repository/org/apache/commons/commons-lang3/3.3.2/commons-lang3-3.3.2.jar
2017-12-15 16:26:19.550+0000 INFO [o.n.k.i.DiagnosticsManager]  [classpath + loader.0] file:/home/cawo/.m2/repository/org/neo4j/neo4j-cypher-compiler-3.2/3.2.0/neo4j-cypher-compiler-3.2-3.2.0.jar
2017-12-15 16:26:19.550+0000 INFO [o.n.k.i.DiagnosticsManager]  [loader.1] file:/usr/lib/jvm/java-8-openjdk-amd64/jre/lib/ext/localedata.jar
2017-12-15 16:26:19.550+0000 INFO [o.n.k.i.DiagnosticsManager]  [loader.1] file:/usr/lib/jvm/java-8-openjdk-amd64/jre/lib/ext/jaccess.jar
2017-12-15 16:26:19.550+0000 INFO [o.n.k.i.DiagnosticsManager]  [classpath + loader.0] file:/home/cawo/.m2/repository/org/apache/lucene/lucene-queryparser/5.5.0/lucene-queryparser-5.5.0.jar
2017-12-15 16:26:19.550+0000 INFO [o.n.k.i.DiagnosticsManager]  [classpath + loader.0] file:/home/cawo/.m2/repository/org/apache/lucene/lucene-codecs/5.5.0/lucene-codecs-5.5.0.jar
2017-12-15 16:26:19.550+0000 INFO [o.n.k.i.DiagnosticsManager]  [loader.1] file:/usr/lib/jvm/java-8-openjdk-amd64/jre/lib/ext/sunpkcs11.jar
2017-12-15 16:26:19.550+0000 INFO [o.n.k.i.DiagnosticsManager]  [classpath + loader.0] file:/home/cawo/.m2/repository/org/neo4j/neo4j-cypher-frontend-3.2/3.2.0/neo4j-cypher-frontend-3.2-3.2.0.jar
2017-12-15 16:26:19.550+0000 INFO [o.n.k.i.DiagnosticsManager]  [classpath + loader.0] file:/home/cawo/.m2/repository/org/scala-lang/scala-library/2.11.8/scala-library-2.11.8.jar
2017-12-15 16:26:19.550+0000 INFO [o.n.k.i.DiagnosticsManager]  [classpath + loader.0] file:/home/cawo/.m2/repository/org/apache/lucene/lucene-backward-codecs/5.5.0/lucene-backward-codecs-5.5.0.jar
2017-12-15 16:26:19.550+0000 INFO [o.n.k.i.DiagnosticsManager]  [bootstrap + classpath + loader.0] file:/usr/lib/jvm/java-8-openjdk-amd64/jre/lib/jce.jar
2017-12-15 16:26:19.550+0000 INFO [o.n.k.i.DiagnosticsManager]  [bootstrap + classpath + loader.0] file:/usr/lib/jvm/java-8-openjdk-amd64/jre/lib/rt.jar
2017-12-15 16:26:19.550+0000 INFO [o.n.k.i.DiagnosticsManager]  [classpath + loader.0] file:/home/cawo/.m2/repository/org/neo4j/neo4j/3.2.0/neo4j-3.2.0.jar
2017-12-15 16:26:19.551+0000 INFO [o.n.k.i.DiagnosticsManager]  [loader.1] file:/usr/lib/jvm/java-8-openjdk-amd64/jre/lib/ext/sunec.jar
2017-12-15 16:26:19.551+0000 INFO [o.n.k.i.DiagnosticsManager]  [bootstrap] /usr/lib/jvm/java-8-openjdk-amd64/jre/lib/jfr.jar
2017-12-15 16:26:19.551+0000 INFO [o.n.k.i.DiagnosticsManager]  [classpath + loader.0] file:/home/cawo/.m2/repository/org/parboiled/parboiled-scala_2.11/1.1.7/parboiled-scala_2.11-1.1.7.jar
2017-12-15 16:26:19.551+0000 INFO [o.n.k.i.DiagnosticsManager]  [loader.1] file:/usr/lib/jvm/java-8-openjdk-amd64/jre/lib/ext/cldrdata.jar
2017-12-15 16:26:19.551+0000 INFO [o.n.k.i.DiagnosticsManager]  [bootstrap] /usr/lib/jvm/java-8-openjdk-amd64/jre/classes
2017-12-15 16:26:19.551+0000 INFO [o.n.k.i.DiagnosticsManager]  [classpath + loader.0] file:/home/cawo/eclipse-workspace/ArpenteurGraph/target/classes/
2017-12-15 16:26:19.551+0000 INFO [o.n.k.i.DiagnosticsManager]  [classpath + loader.0] file:/home/cawo/.m2/repository/org/neo4j/neo4j-configuration/3.2.0/neo4j-configuration-3.2.0.jar
2017-12-15 16:26:19.551+0000 INFO [o.n.k.i.DiagnosticsManager]  [loader.1] file:/usr/lib/jvm/java-8-openjdk-amd64/jre/lib/ext/zipfs.jar
2017-12-15 16:26:19.551+0000 INFO [o.n.k.i.DiagnosticsManager]  [classpath + loader.0] file:/home/cawo/.m2/repository/org/neo4j/neo4j-cypher-ir-3.2/3.2.0/neo4j-cypher-ir-3.2-3.2.0.jar
2017-12-15 16:26:19.551+0000 INFO [o.n.k.i.DiagnosticsManager]  [classpath + loader.0] file:/home/cawo/.m2/repository/org/neo4j/neo4j-io/3.2.0/neo4j-io-3.2.0.jar
2017-12-15 16:26:19.551+0000 INFO [o.n.k.i.DiagnosticsManager]  [classpath + loader.0] file:/home/cawo/.m2/repository/org/neo4j/neo4j-logging/3.2.0/neo4j-logging-3.2.0.jar
2017-12-15 16:26:19.551+0000 INFO [o.n.k.i.DiagnosticsManager]  [classpath + loader.0] file:/home/cawo/.m2/repository/org/neo4j/neo4j-udc/3.2.0/neo4j-udc-3.2.0.jar
2017-12-15 16:26:19.551+0000 INFO [o.n.k.i.DiagnosticsManager]  [classpath + loader.0] file:/home/cawo/.m2/repository/org/neo4j/neo4j-cypher-compiler-2.3/2.3.10/neo4j-cypher-compiler-2.3-2.3.10.jar
2017-12-15 16:26:19.551+0000 INFO [o.n.k.i.DiagnosticsManager]  [classpath + loader.0] file:/home/cawo/.m2/repository/com/googlecode/concurrentlinkedhashmap/concurrentlinkedhashmap-lru/1.4.2/concurrentlinkedhashmap-lru-1.4.2.jar
2017-12-15 16:26:19.551+0000 INFO [o.n.k.i.DiagnosticsManager]  [classpath + loader.0] file:/home/cawo/.m2/repository/org/neo4j/neo4j-import-tool/3.2.0/neo4j-import-tool-3.2.0.jar
2017-12-15 16:26:19.552+0000 INFO [o.n.k.i.DiagnosticsManager]  [classpath + loader.0] file:/home/cawo/.m2/repository/org/neo4j/neo4j-dbms/3.2.0/neo4j-dbms-3.2.0.jar
2017-12-15 16:26:19.552+0000 INFO [o.n.k.i.DiagnosticsManager]  [classpath + loader.0] file:/home/cawo/.m2/repository/org/neo4j/neo4j-common/3.2.0/neo4j-common-3.2.0.jar
2017-12-15 16:26:19.552+0000 INFO [o.n.k.i.DiagnosticsManager]  [classpath + loader.0] file:/home/cawo/.m2/repository/org/neo4j/neo4j-graphdb-api/3.2.0/neo4j-graphdb-api-3.2.0.jar
2017-12-15 16:26:19.552+0000 INFO [o.n.k.i.DiagnosticsManager]  [classpath + loader.0] file:/home/cawo/.m2/repository/org/neo4j/neo4j-consistency-check/3.2.0/neo4j-consistency-check-3.2.0.jar
2017-12-15 16:26:19.552+0000 INFO [o.n.k.i.DiagnosticsManager]  [bootstrap + classpath + loader.0] file:/usr/lib/jvm/java-8-openjdk-amd64/jre/lib/charsets.jar
2017-12-15 16:26:19.552+0000 INFO [o.n.k.i.DiagnosticsManager]  [loader.1] file:/usr/lib/jvm/java-8-openjdk-amd64/jre/lib/ext/dnsns.jar
2017-12-15 16:26:19.552+0000 INFO [o.n.k.i.DiagnosticsManager]  [classpath + loader.0] file:/home/cawo/.m2/repository/org/neo4j/neo4j-resource/3.2.0/neo4j-resource-3.2.0.jar
2017-12-15 16:26:19.552+0000 INFO [o.n.k.i.DiagnosticsManager]  [bootstrap + classpath + loader.0] file:/usr/lib/jvm/java-8-openjdk-amd64/jre/lib/jsse.jar
2017-12-15 16:26:19.552+0000 INFO [o.n.k.i.DiagnosticsManager]  [classpath + loader.0] file:/home/cawo/.m2/repository/org/neo4j/neo4j-kernel/3.2.0/neo4j-kernel-3.2.0.jar
2017-12-15 16:26:19.552+0000 INFO [o.n.k.i.DiagnosticsManager]  [classpath + loader.0] file:/home/cawo/.m2/repository/org/neo4j/neo4j-lucene-upgrade/3.2.0/neo4j-lucene-upgrade-3.2.0.jar
2017-12-15 16:26:19.553+0000 INFO [o.n.k.i.DiagnosticsManager]  [classpath + loader.0] file:/home/cawo/.m2/repository/org/neo4j/neo4j-command-line/3.2.0/neo4j-command-line-3.2.0.jar
2017-12-15 16:26:19.553+0000 INFO [o.n.k.i.DiagnosticsManager]  [classpath + loader.0] file:/home/cawo/.m2/repository/org/neo4j/neo4j-codegen/3.2.0/neo4j-codegen-3.2.0.jar
2017-12-15 16:26:19.553+0000 INFO [o.n.k.i.DiagnosticsManager]  [classpath + loader.0] file:/home/cawo/.m2/repository/org/neo4j/neo4j-cypher-frontend-3.1/3.1.4/neo4j-cypher-frontend-3.1-3.1.4.jar
2017-12-15 16:26:19.553+0000 INFO [o.n.k.i.DiagnosticsManager]  [classpath + loader.0] file:/home/cawo/eclipse-workspace/ArpenteurGraph/API.jar
2017-12-15 16:26:19.554+0000 INFO [o.n.k.i.DiagnosticsManager]  [classpath + loader.0] file:/home/cawo/.m2/repository/org/neo4j/neo4j-cypher-frontend-2.3/2.3.10/neo4j-cypher-frontend-2.3-2.3.10.jar
2017-12-15 16:26:19.554+0000 INFO [o.n.k.i.DiagnosticsManager]  [classpath + loader.0] file:/home/cawo/.m2/repository/org/neo4j/neo4j-cypher-compiler-3.1/3.1.4/neo4j-cypher-compiler-3.1-3.1.4.jar
2017-12-15 16:26:19.554+0000 INFO [o.n.k.i.DiagnosticsManager] Library path:
2017-12-15 16:26:19.554+0000 INFO [o.n.k.i.DiagnosticsManager] /usr/java/packages/lib/amd64
2017-12-15 16:26:19.554+0000 INFO [o.n.k.i.DiagnosticsManager] /usr/lib/x86_64-linux-gnu/jni
2017-12-15 16:26:19.554+0000 INFO [o.n.k.i.DiagnosticsManager] /lib/x86_64-linux-gnu
2017-12-15 16:26:19.554+0000 INFO [o.n.k.i.DiagnosticsManager] /usr/lib/x86_64-linux-gnu
2017-12-15 16:26:19.554+0000 INFO [o.n.k.i.DiagnosticsManager] /usr/lib/jni
2017-12-15 16:26:19.555+0000 INFO [o.n.k.i.DiagnosticsManager] /lib
2017-12-15 16:26:19.555+0000 INFO [o.n.k.i.DiagnosticsManager] /usr/lib
2017-12-15 16:26:19.555+0000 INFO [o.n.k.i.DiagnosticsManager] System.properties:
2017-12-15 16:26:19.555+0000 INFO [o.n.k.i.DiagnosticsManager] sun.boot.library.path = /usr/lib/jvm/java-8-openjdk-amd64/jre/lib/amd64
2017-12-15 16:26:19.555+0000 INFO [o.n.k.i.DiagnosticsManager] path.separator = :
2017-12-15 16:26:19.555+0000 INFO [o.n.k.i.DiagnosticsManager] file.encoding.pkg = sun.io
2017-12-15 16:26:19.556+0000 INFO [o.n.k.i.DiagnosticsManager] user.country = FR
2017-12-15 16:26:19.556+0000 INFO [o.n.k.i.DiagnosticsManager] sun.java.launcher = SUN_STANDARD
2017-12-15 16:26:19.556+0000 INFO [o.n.k.i.DiagnosticsManager] sun.os.patch.level = unknown
2017-12-15 16:26:19.556+0000 INFO [o.n.k.i.DiagnosticsManager] user.dir = /home/cawo/eclipse-workspace/ArpenteurGraph
2017-12-15 16:26:19.556+0000 INFO [o.n.k.i.DiagnosticsManager] sun.jnu.encoding = UTF-8
2017-12-15 16:26:19.556+0000 INFO [o.n.k.i.DiagnosticsManager] sun.management.compiler = HotSpot 64-Bit Tiered Compilers
2017-12-15 16:26:19.556+0000 INFO [o.n.k.i.DiagnosticsManager] user.home = /home/cawo
2017-12-15 16:26:19.556+0000 INFO [o.n.k.i.DiagnosticsManager] user.timezone = Europe/Paris
2017-12-15 16:26:19.556+0000 INFO [o.n.k.i.DiagnosticsManager] file.encoding = UTF-8
2017-12-15 16:26:19.556+0000 INFO [o.n.k.i.DiagnosticsManager] user.name = cawo
2017-12-15 16:26:19.556+0000 INFO [o.n.k.i.DiagnosticsManager] sun.java.command = Main
2017-12-15 16:26:19.556+0000 INFO [o.n.k.i.DiagnosticsManager] sun.arch.data.model = 64
2017-12-15 16:26:19.556+0000 INFO [o.n.k.i.DiagnosticsManager] user.language = fr
2017-12-15 16:26:19.557+0000 INFO [o.n.k.i.DiagnosticsManager] awt.toolkit = sun.awt.X11.XToolkit
2017-12-15 16:26:19.557+0000 INFO [o.n.k.i.DiagnosticsManager] file.separator = /
2017-12-15 16:26:19.557+0000 INFO [o.n.k.i.DiagnosticsManager] sun.io.unicode.encoding = UnicodeLittle
2017-12-15 16:26:19.557+0000 INFO [o.n.k.i.DiagnosticsManager] sun.cpu.endian = little
2017-12-15 16:26:19.557+0000 INFO [o.n.k.i.DiagnosticsManager] sun.desktop = gnome
2017-12-15 16:26:19.557+0000 INFO [o.n.k.i.DiagnosticsManager] sun.cpu.isalist = 
2017-12-15 16:26:19.557+0000 INFO [o.n.k.i.DiagnosticsManager] Linux scheduler information:
2017-12-15 16:26:19.565+0000 INFO [o.n.k.i.DiagnosticsManager] none
2017-12-15 16:26:19.566+0000 INFO [o.n.k.i.DiagnosticsManager] none
2017-12-15 16:26:19.566+0000 INFO [o.n.k.i.DiagnosticsManager] none
2017-12-15 16:26:19.566+0000 INFO [o.n.k.i.DiagnosticsManager] none
2017-12-15 16:26:19.566+0000 INFO [o.n.k.i.DiagnosticsManager] none
2017-12-15 16:26:19.567+0000 INFO [o.n.k.i.DiagnosticsManager] none
2017-12-15 16:26:19.567+0000 INFO [o.n.k.i.DiagnosticsManager] noop deadline [cfq] 
2017-12-15 16:26:19.567+0000 INFO [o.n.k.i.DiagnosticsManager] none
2017-12-15 16:26:19.567+0000 INFO [o.n.k.i.DiagnosticsManager] none
2017-12-15 16:26:19.568+0000 INFO [o.n.k.i.DiagnosticsManager] none
2017-12-15 16:26:19.568+0000 INFO [o.n.k.i.DiagnosticsManager] Network information:
2017-12-15 16:26:19.569+0000 INFO [o.n.k.i.DiagnosticsManager] Interface wlp2s0:
2017-12-15 16:26:19.569+0000 INFO [o.n.k.i.DiagnosticsManager]     address: fe80:0:0:0:d5ac:1ba7:81bc:bb8c%wlp2s0
2017-12-15 16:26:19.570+0000 INFO [o.n.k.i.DiagnosticsManager]     address: 148.60.175.126
2017-12-15 16:26:19.570+0000 INFO [o.n.k.i.DiagnosticsManager] Interface lo:
2017-12-15 16:26:19.570+0000 INFO [o.n.k.i.DiagnosticsManager]     address: 0:0:0:0:0:0:0:1%lo
2017-12-15 16:26:19.570+0000 INFO [o.n.k.i.DiagnosticsManager]     address: 127.0.0.1
2017-12-15 16:26:19.570+0000 INFO [o.n.k.i.DiagnosticsManager] --- INITIALIZED diagnostics END ---
2017-12-15 16:26:19.779+0000 INFO [o.n.k.i.s.f.RecordFormatSelector] Selected format 'RecordFormat:StandardV3_2[v0.A.8]' for the new store
2017-12-15 16:26:20.267+0000 INFO [o.n.k.i.a.i.IndexingService] IndexingService.init: indexes not specifically mentioned above are null
2017-12-15 16:26:20.267+0000 INFO [o.n.k.i.i.l.NativeLabelScanStore] No scan store found, this might just be first use. Preparing to rebuild.
2017-12-15 16:26:20.268+0000 INFO [o.n.k.a.i.l.LuceneLabelScanStore] No scan store found, this might just be first use. Preparing to rebuild.
2017-12-15 16:26:20.304+0000 INFO [o.n.k.NeoStoreDataSource] Opened logical log [/home/cawo/eclipse-workspace/ArpenteurGraph/~/home/cawo/Bureau/Graph/Informatique_L2_S3_G1/neostore.transaction.db.0] version=0, lastTxId=1 (clean)
2017-12-15 16:26:20.311+0000 INFO [o.n.k.NeoStoreDataSource] No commits found after last check point (which is at <no log position given>)
2017-12-15 16:26:20.317+0000 WARN [o.n.k.i.s.MetaDataStore] Missing counts store, rebuilding it.
2017-12-15 16:26:20.401+0000 INFO [o.n.k.i.a.i.IndexingService] IndexingService.start: indexes not specifically mentioned above are null
2017-12-15 16:26:20.402+0000 INFO [o.n.k.i.i.l.NativeLabelScanStore] Rebuilding scan store, this may take a while
2017-12-15 16:26:20.402+0000 INFO [o.n.k.a.i.l.LuceneLabelScanStore] Rebuilding scan store, this may take a while
2017-12-15 16:26:20.412+0000 INFO [o.n.k.i.i.l.NativeLabelScanStore] Scan store rebuilt (roughly 0 nodes)
2017-12-15 16:26:20.412+0000 INFO [o.n.k.a.i.l.LuceneLabelScanStore] Scan store rebuilt (roughly 0 nodes)
2017-12-15 16:26:20.415+0000 INFO [o.n.k.i.DatabaseHealth] Database health set to OK
2017-12-15 16:26:21.163+0000 INFO [o.n.k.AvailabilityGuard] Fulfilling of requirement makes database available: Database available
2017-12-15 16:26:21.164+0000 INFO [o.n.k.i.f.GraphDatabaseFacadeFactory] Database is now ready
2017-12-15 16:26:21.165+0000 INFO [o.n.k.i.DiagnosticsManager] --- STARTED diagnostics for KernelDiagnostics:Versions START ---
2017-12-15 16:26:21.165+0000 INFO [o.n.k.i.DiagnosticsManager] Graph Database: community single StoreId{creationTime=1513355180081, randomId=-2374666451230661784, storeVersion=15813456178476550, upgradeTime=1513355180081, upgradeId=1}
2017-12-15 16:26:21.165+0000 INFO [o.n.k.i.DiagnosticsManager] Kernel version: 3.2.0,6c8c5763843ef95d9cad8ee618284e703f03e064
2017-12-15 16:26:21.165+0000 INFO [o.n.k.i.DiagnosticsManager] --- STARTED diagnostics for KernelDiagnostics:Versions END ---
2017-12-15 16:26:21.167+0000 INFO [o.n.k.i.DiagnosticsManager] --- STARTED diagnostics for NEO_STORE_VERSIONS START ---
2017-12-15 16:26:21.167+0000 INFO [o.n.k.i.DiagnosticsManager] Store versions:
2017-12-15 16:26:21.168+0000 INFO [o.n.k.i.DiagnosticsManager] Store versions:
2017-12-15 16:26:21.168+0000 INFO [o.n.k.i.DiagnosticsManager]   ArrayPropertyStore v0.A.8
2017-12-15 16:26:21.170+0000 INFO [o.n.k.i.DiagnosticsManager]   NodeStore v0.A.8
2017-12-15 16:26:21.170+0000 INFO [o.n.k.i.DiagnosticsManager]   StringPropertyStore v0.A.8
2017-12-15 16:26:21.170+0000 INFO [o.n.k.i.DiagnosticsManager]   PropertyIndexStore v0.A.8
2017-12-15 16:26:21.170+0000 INFO [o.n.k.i.DiagnosticsManager]   StringPropertyStore v0.A.8
2017-12-15 16:26:21.170+0000 INFO [o.n.k.i.DiagnosticsManager]   ArrayPropertyStore v0.A.8
2017-12-15 16:26:21.171+0000 INFO [o.n.k.i.DiagnosticsManager]   PropertyStore v0.A.8
2017-12-15 16:26:21.171+0000 INFO [o.n.k.i.DiagnosticsManager]   RelationshipStore v0.A.8
2017-12-15 16:26:21.171+0000 INFO [o.n.k.i.DiagnosticsManager]   StringPropertyStore v0.A.8
2017-12-15 16:26:21.171+0000 INFO [o.n.k.i.DiagnosticsManager]   RelationshipTypeStore v0.A.8
2017-12-15 16:26:21.171+0000 INFO [o.n.k.i.DiagnosticsManager]   StringPropertyStore v0.A.8
2017-12-15 16:26:21.171+0000 INFO [o.n.k.i.DiagnosticsManager]   LabelTokenStore v0.A.8
2017-12-15 16:26:21.171+0000 INFO [o.n.k.i.DiagnosticsManager]   SchemaStore v0.A.8
2017-12-15 16:26:21.178+0000 INFO [o.n.k.i.DiagnosticsManager]   RelationshipGroupStore v0.A.8
2017-12-15 16:26:21.180+0000 INFO [o.n.k.i.DiagnosticsManager]   NeoStore v0.A.8
2017-12-15 16:26:21.180+0000 INFO [o.n.k.i.DiagnosticsManager] --- STARTED diagnostics for NEO_STORE_VERSIONS END ---
2017-12-15 16:26:21.180+0000 INFO [o.n.k.i.DiagnosticsManager] --- STARTED diagnostics for NEO_STORE_ID_USAGE START ---
2017-12-15 16:26:21.180+0000 INFO [o.n.k.i.DiagnosticsManager] Id usage:
2017-12-15 16:26:21.180+0000 INFO [o.n.k.i.DiagnosticsManager] Id usage:
2017-12-15 16:26:21.181+0000 INFO [o.n.k.i.DiagnosticsManager]   ArrayPropertyStore: used=1 high=0
2017-12-15 16:26:21.181+0000 INFO [o.n.k.i.DiagnosticsManager]   NodeStore: used=0 high=-1
2017-12-15 16:26:21.181+0000 INFO [o.n.k.i.DiagnosticsManager]   StringPropertyStore: used=1 high=0
2017-12-15 16:26:21.181+0000 INFO [o.n.k.i.DiagnosticsManager]   PropertyIndexStore: used=0 high=-1
2017-12-15 16:26:21.182+0000 INFO [o.n.k.i.DiagnosticsManager]   StringPropertyStore: used=1 high=0
2017-12-15 16:26:21.182+0000 INFO [o.n.k.i.DiagnosticsManager]   ArrayPropertyStore: used=1 high=0
2017-12-15 16:26:21.182+0000 INFO [o.n.k.i.DiagnosticsManager]   PropertyStore: used=0 high=-1
2017-12-15 16:26:21.182+0000 INFO [o.n.k.i.DiagnosticsManager]   RelationshipStore: used=0 high=-1
2017-12-15 16:26:21.182+0000 INFO [o.n.k.i.DiagnosticsManager]   StringPropertyStore: used=1 high=0
2017-12-15 16:26:21.183+0000 INFO [o.n.k.i.DiagnosticsManager]   RelationshipTypeStore: used=0 high=-1
2017-12-15 16:26:21.183+0000 INFO [o.n.k.i.DiagnosticsManager]   StringPropertyStore: used=1 high=0
2017-12-15 16:26:21.183+0000 INFO [o.n.k.i.DiagnosticsManager]   LabelTokenStore: used=0 high=-1
2017-12-15 16:26:21.183+0000 INFO [o.n.k.i.DiagnosticsManager]   SchemaStore: used=1 high=0
2017-12-15 16:26:21.183+0000 INFO [o.n.k.i.DiagnosticsManager]   RelationshipGroupStore: used=1 high=0
2017-12-15 16:26:21.183+0000 INFO [o.n.k.i.DiagnosticsManager]   NeoStore: used=15 high=14
2017-12-15 16:26:21.184+0000 INFO [o.n.k.i.DiagnosticsManager] --- STARTED diagnostics for NEO_STORE_ID_USAGE END ---
2017-12-15 16:26:21.184+0000 INFO [o.n.k.i.DiagnosticsManager] --- STARTED diagnostics for NEO_STORE_RECORDS START ---
2017-12-15 16:26:21.184+0000 INFO [o.n.k.i.DiagnosticsManager] Neostore records:
2017-12-15 16:26:21.185+0000 INFO [o.n.k.i.DiagnosticsManager] TIME (Creation time): 1513355180081
2017-12-15 16:26:21.185+0000 INFO [o.n.k.i.DiagnosticsManager] RANDOM_NUMBER (Random number for store id): -2374666451230661784
2017-12-15 16:26:21.185+0000 INFO [o.n.k.i.DiagnosticsManager] LOG_VERSION (Current log version): 0
2017-12-15 16:26:21.185+0000 INFO [o.n.k.i.DiagnosticsManager] LAST_TRANSACTION_ID (Last committed transaction): 1
2017-12-15 16:26:21.185+0000 INFO [o.n.k.i.DiagnosticsManager] STORE_VERSION (Store format version): 15813456178476550
2017-12-15 16:26:21.185+0000 INFO [o.n.k.i.DiagnosticsManager] FIRST_GRAPH_PROPERTY (First property record containing graph properties): -1
2017-12-15 16:26:21.185+0000 INFO [o.n.k.i.DiagnosticsManager] LAST_CONSTRAINT_TRANSACTION (Last committed transaction containing constraint changes): 0
2017-12-15 16:26:21.185+0000 INFO [o.n.k.i.DiagnosticsManager] UPGRADE_TRANSACTION_ID (Transaction id most recent upgrade was performed at): 1
2017-12-15 16:26:21.186+0000 INFO [o.n.k.i.DiagnosticsManager] UPGRADE_TIME (Time of last upgrade): 1513355180081
2017-12-15 16:26:21.186+0000 INFO [o.n.k.i.DiagnosticsManager] LAST_TRANSACTION_CHECKSUM (Checksum of last committed transaction): 0
2017-12-15 16:26:21.186+0000 INFO [o.n.k.i.DiagnosticsManager] UPGRADE_TRANSACTION_CHECKSUM (Checksum of transaction id the most recent upgrade was performed at): 0
2017-12-15 16:26:21.186+0000 INFO [o.n.k.i.DiagnosticsManager] LAST_CLOSED_TRANSACTION_LOG_VERSION (Log version where the last transaction commit entry has been written into): 0
2017-12-15 16:26:21.186+0000 INFO [o.n.k.i.DiagnosticsManager] LAST_CLOSED_TRANSACTION_LOG_BYTE_OFFSET (Byte offset in the log file where the last transaction commit entry has been written into): 16
2017-12-15 16:26:21.186+0000 INFO [o.n.k.i.DiagnosticsManager] LAST_TRANSACTION_COMMIT_TIMESTAMP (Commit time timestamp for last committed transaction): 0
2017-12-15 16:26:21.186+0000 INFO [o.n.k.i.DiagnosticsManager] UPGRADE_TRANSACTION_COMMIT_TIMESTAMP (Commit timestamp of transaction the most recent upgrade was performed at): 0
2017-12-15 16:26:21.186+0000 INFO [o.n.k.i.DiagnosticsManager] --- STARTED diagnostics for NEO_STORE_RECORDS END ---
2017-12-15 16:26:21.188+0000 INFO [o.n.k.i.DiagnosticsManager] --- STARTED diagnostics for TRANSACTION_RANGE START ---
2017-12-15 16:26:21.188+0000 INFO [o.n.k.i.DiagnosticsManager] Transaction log:
2017-12-15 16:26:21.190+0000 INFO [o.n.k.i.DiagnosticsManager] No transactions found in any log
2017-12-15 16:26:21.190+0000 INFO [o.n.k.i.DiagnosticsManager] --- STARTED diagnostics for TRANSACTION_RANGE END ---
2017-12-15 16:26:21.191+0000 INFO [o.n.k.i.DiagnosticsManager] --- STARTED diagnostics for KernelDiagnostics:StoreFiles START ---
2017-12-15 16:26:21.191+0000 INFO [o.n.k.i.DiagnosticsManager] Disk space on partition (Total / Free / Free %): 117825921024 / 37666603008 / 31
Storage files: (filename : modification date - size)
2017-12-15 16:26:21.192+0000 INFO [o.n.k.i.DiagnosticsManager]   index:
2017-12-15 16:26:21.193+0000 INFO [o.n.k.i.DiagnosticsManager]   - Total: 2017-12-15T17:26:20+0100 - 0,00 B
2017-12-15 16:26:21.193+0000 INFO [o.n.k.i.DiagnosticsManager]   logs:
2017-12-15 16:26:21.193+0000 INFO [o.n.k.i.DiagnosticsManager]     debug.log: 2017-12-15T17:26:21+0100 - 30,13 kB
2017-12-15 16:26:21.193+0000 INFO [o.n.k.i.DiagnosticsManager]   - Total: 2017-12-15T17:26:19+0100 - 30,13 kB
2017-12-15 16:26:21.194+0000 INFO [o.n.k.i.DiagnosticsManager]   neostore: 2017-12-15T17:26:20+0100 - 8,00 kB
2017-12-15 16:26:21.194+0000 INFO [o.n.k.i.DiagnosticsManager]   neostore.counts.db.a: 2017-12-15T17:26:20+0100 - 96,00 B
2017-12-15 16:26:21.194+0000 INFO [o.n.k.i.DiagnosticsManager]   neostore.id: 2017-12-15T17:26:20+0100 - 9,00 B
2017-12-15 16:26:21.194+0000 INFO [o.n.k.i.DiagnosticsManager]   neostore.labelscanstore.db: 2017-12-15T17:26:20+0100 - 40,00 kB
2017-12-15 16:26:21.194+0000 INFO [o.n.k.i.DiagnosticsManager]   neostore.labeltokenstore.db: 2017-12-15T17:26:19+0100 - 0,00 B
2017-12-15 16:26:21.195+0000 INFO [o.n.k.i.DiagnosticsManager]   neostore.labeltokenstore.db.id: 2017-12-15T17:26:19+0100 - 9,00 B
2017-12-15 16:26:21.195+0000 INFO [o.n.k.i.DiagnosticsManager]   neostore.labeltokenstore.db.names: 2017-12-15T17:26:19+0100 - 8,00 kB
2017-12-15 16:26:21.195+0000 INFO [o.n.k.i.DiagnosticsManager]   neostore.labeltokenstore.db.names.id: 2017-12-15T17:26:19+0100 - 9,00 B
2017-12-15 16:26:21.196+0000 INFO [o.n.k.i.DiagnosticsManager]   neostore.nodestore.db: 2017-12-15T17:26:19+0100 - 0,00 B
2017-12-15 16:26:21.196+0000 INFO [o.n.k.i.DiagnosticsManager]   neostore.nodestore.db.id: 2017-12-15T17:26:19+0100 - 9,00 B
2017-12-15 16:26:21.196+0000 INFO [o.n.k.i.DiagnosticsManager]   neostore.nodestore.db.labels: 2017-12-15T17:26:19+0100 - 8,00 kB
2017-12-15 16:26:21.196+0000 INFO [o.n.k.i.DiagnosticsManager]   neostore.nodestore.db.labels.id: 2017-12-15T17:26:19+0100 - 9,00 B
2017-12-15 16:26:21.196+0000 INFO [o.n.k.i.DiagnosticsManager]   neostore.propertystore.db: 2017-12-15T17:26:19+0100 - 0,00 B
2017-12-15 16:26:21.197+0000 INFO [o.n.k.i.DiagnosticsManager]   neostore.propertystore.db.arrays: 2017-12-15T17:26:19+0100 - 8,00 kB
2017-12-15 16:26:21.197+0000 INFO [o.n.k.i.DiagnosticsManager]   neostore.propertystore.db.arrays.id: 2017-12-15T17:26:19+0100 - 9,00 B
2017-12-15 16:26:21.197+0000 INFO [o.n.k.i.DiagnosticsManager]   neostore.propertystore.db.id: 2017-12-15T17:26:19+0100 - 9,00 B
2017-12-15 16:26:21.197+0000 INFO [o.n.k.i.DiagnosticsManager]   neostore.propertystore.db.index: 2017-12-15T17:26:19+0100 - 0,00 B
2017-12-15 16:26:21.198+0000 INFO [o.n.k.i.DiagnosticsManager]   neostore.propertystore.db.index.id: 2017-12-15T17:26:19+0100 - 9,00 B
2017-12-15 16:26:21.198+0000 INFO [o.n.k.i.DiagnosticsManager]   neostore.propertystore.db.index.keys: 2017-12-15T17:26:19+0100 - 8,00 kB
2017-12-15 16:26:21.198+0000 INFO [o.n.k.i.DiagnosticsManager]   neostore.propertystore.db.index.keys.id: 2017-12-15T17:26:19+0100 - 9,00 B
2017-12-15 16:26:21.198+0000 INFO [o.n.k.i.DiagnosticsManager]   neostore.propertystore.db.strings: 2017-12-15T17:26:19+0100 - 8,00 kB
2017-12-15 16:26:21.199+0000 INFO [o.n.k.i.DiagnosticsManager]   neostore.propertystore.db.strings.id: 2017-12-15T17:26:19+0100 - 9,00 B
2017-12-15 16:26:21.199+0000 INFO [o.n.k.i.DiagnosticsManager]   neostore.relationshipgroupstore.db: 2017-12-15T17:26:20+0100 - 8,00 kB
2017-12-15 16:26:21.199+0000 INFO [o.n.k.i.DiagnosticsManager]   neostore.relationshipgroupstore.db.id: 2017-12-15T17:26:20+0100 - 9,00 B
2017-12-15 16:26:21.199+0000 INFO [o.n.k.i.DiagnosticsManager]   neostore.relationshipstore.db: 2017-12-15T17:26:19+0100 - 0,00 B
2017-12-15 16:26:21.200+0000 INFO [o.n.k.i.DiagnosticsManager]   neostore.relationshipstore.db.id: 2017-12-15T17:26:19+0100 - 9,00 B
2017-12-15 16:26:21.200+0000 INFO [o.n.k.i.DiagnosticsManager]   neostore.relationshiptypestore.db: 2017-12-15T17:26:19+0100 - 0,00 B
2017-12-15 16:26:21.201+0000 INFO [o.n.k.i.DiagnosticsManager]   neostore.relationshiptypestore.db.id: 2017-12-15T17:26:19+0100 - 9,00 B
2017-12-15 16:26:21.202+0000 INFO [o.n.k.i.DiagnosticsManager]   neostore.relationshiptypestore.db.names: 2017-12-15T17:26:19+0100 - 8,00 kB
2017-12-15 16:26:21.202+0000 INFO [o.n.k.i.DiagnosticsManager]   neostore.relationshiptypestore.db.names.id: 2017-12-15T17:26:19+0100 - 9,00 B
2017-12-15 16:26:21.202+0000 INFO [o.n.k.i.DiagnosticsManager]   neostore.schemastore.db: 2017-12-15T17:26:19+0100 - 8,00 kB
2017-12-15 16:26:21.202+0000 INFO [o.n.k.i.DiagnosticsManager]   neostore.schemastore.db.id: 2017-12-15T17:26:20+0100 - 9,00 B
2017-12-15 16:26:21.203+0000 INFO [o.n.k.i.DiagnosticsManager]   neostore.transaction.db.0: 2017-12-15T17:26:20+0100 - 16,00 B
2017-12-15 16:26:21.203+0000 INFO [o.n.k.i.DiagnosticsManager]   store_lock: 2017-12-15T17:26:19+0100 - 0,00 B
2017-12-15 16:26:21.203+0000 INFO [o.n.k.i.DiagnosticsManager] --- STARTED diagnostics for KernelDiagnostics:StoreFiles END ---
2017-12-15 16:26:49.913+0000 WARN [o.n.i.p.PageCache] The dbms.memory.pagecache.size setting has not been configured. It is recommended that this setting is always explicitly configured, to ensure the system has a balanced configuration. Until then, a computed heuristic value of 3102005248 bytes will be used instead. 
2017-12-15 16:26:50.053+0000 INFO [o.n.k.i.f.CommunityEditionModule] No locking implementation specified, defaulting to 'community'
2017-12-15 16:26:50.302+0000 INFO [o.n.k.AvailabilityGuard] Requirement makes database unavailable: Database available
2017-12-15 16:26:50.348+0000 INFO [o.n.k.i.DiagnosticsManager] --- INITIALIZED diagnostics START ---
2017-12-15 16:26:50.349+0000 INFO [o.n.k.i.DiagnosticsManager] Neo4j Kernel properties:
2017-12-15 16:26:50.349+0000 INFO [o.n.k.i.DiagnosticsManager] unsupported.dbms.edition=community
2017-12-15 16:26:50.349+0000 INFO [o.n.k.i.DiagnosticsManager] unsupported.dbms.directories.neo4j_home=/home/cawo/eclipse-workspace/ArpenteurGraph/~/home/cawo/Bureau/Graph/Informatique_L2_S3_G1
2017-12-15 16:26:50.349+0000 INFO [o.n.k.i.DiagnosticsManager] unsupported.dbms.ephemeral=false
2017-12-15 16:26:50.349+0000 INFO [o.n.k.i.DiagnosticsManager] Diagnostics providers:
2017-12-15 16:26:50.350+0000 INFO [o.n.k.i.DiagnosticsManager] org.neo4j.kernel.configuration.Config
2017-12-15 16:26:50.350+0000 INFO [o.n.k.i.DiagnosticsManager] org.neo4j.kernel.info.DiagnosticsManager
2017-12-15 16:26:50.350+0000 INFO [o.n.k.i.DiagnosticsManager] SYSTEM_MEMORY
2017-12-15 16:26:50.350+0000 INFO [o.n.k.i.DiagnosticsManager] JAVA_MEMORY
2017-12-15 16:26:50.350+0000 INFO [o.n.k.i.DiagnosticsManager] OPERATING_SYSTEM
2017-12-15 16:26:50.350+0000 INFO [o.n.k.i.DiagnosticsManager] JAVA_VIRTUAL_MACHINE
2017-12-15 16:26:50.350+0000 INFO [o.n.k.i.DiagnosticsManager] CLASSPATH
2017-12-15 16:26:50.350+0000 INFO [o.n.k.i.DiagnosticsManager] LIBRARY_PATH
2017-12-15 16:26:50.350+0000 INFO [o.n.k.i.DiagnosticsManager] SYSTEM_PROPERTIES
2017-12-15 16:26:50.350+0000 INFO [o.n.k.i.DiagnosticsManager] LINUX_SCHEDULERS
2017-12-15 16:26:50.351+0000 INFO [o.n.k.i.DiagnosticsManager] NETWORK
2017-12-15 16:26:50.351+0000 INFO [o.n.k.i.DiagnosticsManager] System memory information:
2017-12-15 16:26:50.354+0000 INFO [o.n.k.i.DiagnosticsManager] Total Physical memory: 7,43 GB
2017-12-15 16:26:50.355+0000 INFO [o.n.k.i.DiagnosticsManager] Free Physical memory: 239,68 MB
2017-12-15 16:26:50.355+0000 INFO [o.n.k.i.DiagnosticsManager] Committed virtual memory: 4,26 GB
2017-12-15 16:26:50.355+0000 INFO [o.n.k.i.DiagnosticsManager] Total swap space: 7,63 GB
2017-12-15 16:26:50.355+0000 INFO [o.n.k.i.DiagnosticsManager] Free swap space: 7,62 GB
2017-12-15 16:26:50.356+0000 INFO [o.n.k.i.DiagnosticsManager] JVM memory information:
2017-12-15 16:26:50.356+0000 INFO [o.n.k.i.DiagnosticsManager] Free  memory: 75,75 MB
2017-12-15 16:26:50.357+0000 INFO [o.n.k.i.DiagnosticsManager] Total memory: 115,00 MB
2017-12-15 16:26:50.357+0000 INFO [o.n.k.i.DiagnosticsManager] Max   memory: 1,65 GB
2017-12-15 16:26:50.361+0000 INFO [o.n.k.i.DiagnosticsManager] Garbage Collector: PS Scavenge: [PS Eden Space, PS Survivor Space]
2017-12-15 16:26:50.361+0000 INFO [o.n.k.i.DiagnosticsManager] Garbage Collector: PS MarkSweep: [PS Eden Space, PS Survivor Space, PS Old Gen]
2017-12-15 16:26:50.362+0000 INFO [o.n.k.i.DiagnosticsManager] Memory Pool: Code Cache (Non-heap memory): committed=3,69 MB, used=3,63 MB, max=240,00 MB, threshold=0,00 B
2017-12-15 16:26:50.363+0000 INFO [o.n.k.i.DiagnosticsManager] Memory Pool: Metaspace (Non-heap memory): committed=10,13 MB, used=9,42 MB, max=-1,00 B, threshold=0,00 B
2017-12-15 16:26:50.363+0000 INFO [o.n.k.i.DiagnosticsManager] Memory Pool: Compressed Class Space (Non-heap memory): committed=1,38 MB, used=1,23 MB, max=1,00 GB, threshold=0,00 B
2017-12-15 16:26:50.364+0000 INFO [o.n.k.i.DiagnosticsManager] Memory Pool: PS Eden Space (Heap memory): committed=30,00 MB, used=23,20 MB, max=624,00 MB, threshold=?
2017-12-15 16:26:50.364+0000 INFO [o.n.k.i.DiagnosticsManager] Memory Pool: PS Survivor Space (Heap memory): committed=5,00 MB, used=4,99 MB, max=5,00 MB, threshold=?
2017-12-15 16:26:50.364+0000 INFO [o.n.k.i.DiagnosticsManager] Memory Pool: PS Old Gen (Heap memory): committed=80,00 MB, used=11,06 MB, max=1,24 GB, threshold=0,00 B
2017-12-15 16:26:50.364+0000 INFO [o.n.k.i.DiagnosticsManager] Operating system information:
2017-12-15 16:26:50.365+0000 INFO [o.n.k.i.DiagnosticsManager] Operating System: Linux; version: 4.10.0-40-generic; arch: amd64; cpus: 4
2017-12-15 16:26:50.365+0000 INFO [o.n.k.i.DiagnosticsManager] Max number of file descriptors: 1048576
2017-12-15 16:26:50.366+0000 INFO [o.n.k.i.DiagnosticsManager] Number of open file descriptors: 70
2017-12-15 16:26:50.370+0000 INFO [o.n.k.i.DiagnosticsManager] Process id: 19284@cawo-Menthe
2017-12-15 16:26:50.370+0000 INFO [o.n.k.i.DiagnosticsManager] Byte order: LITTLE_ENDIAN
2017-12-15 16:26:50.370+0000 INFO [o.n.k.i.DiagnosticsManager] Local timezone: Europe/Paris
2017-12-15 16:26:50.370+0000 INFO [o.n.k.i.DiagnosticsManager] JVM information:
2017-12-15 16:26:50.370+0000 INFO [o.n.k.i.DiagnosticsManager] VM Name: OpenJDK 64-Bit Server VM
2017-12-15 16:26:50.370+0000 INFO [o.n.k.i.DiagnosticsManager] VM Vendor: Oracle Corporation
2017-12-15 16:26:50.371+0000 INFO [o.n.k.i.DiagnosticsManager] VM Version: 25.151-b12
2017-12-15 16:26:50.372+0000 INFO [o.n.k.i.DiagnosticsManager] JIT compiler: HotSpot 64-Bit Tiered Compilers
2017-12-15 16:26:50.373+0000 INFO [o.n.k.i.DiagnosticsManager] VM Arguments: [-Dfile.encoding=UTF-8]
2017-12-15 16:26:50.374+0000 INFO [o.n.k.i.DiagnosticsManager] Java classpath:
2017-12-15 16:26:50.376+0000 INFO [o.n.k.i.DiagnosticsManager]  [bootstrap + classpath + loader.0] file:/usr/lib/jvm/java-8-openjdk-amd64/jre/lib/resources.jar
2017-12-15 16:26:50.376+0000 INFO [o.n.k.i.DiagnosticsManager]  [classpath + loader.0] file:/home/cawo/.m2/repository/org/apache/commons/commons-compress/1.12/commons-compress-1.12.jar
2017-12-15 16:26:50.376+0000 INFO [o.n.k.i.DiagnosticsManager]  [classpath + loader.0] file:/home/cawo/.m2/repository/org/neo4j/neo4j-collections/3.2.0/neo4j-collections-3.2.0.jar
2017-12-15 16:26:50.376+0000 INFO [o.n.k.i.DiagnosticsManager]  [classpath + loader.0] file:/home/cawo/.m2/repository/org/neo4j/neo4j-csv/3.2.0/neo4j-csv-3.2.0.jar
2017-12-15 16:26:50.376+0000 INFO [o.n.k.i.DiagnosticsManager]  [classpath + loader.0] file:/home/cawo/.m2/repository/org/neo4j/neo4j-jmx/3.2.0/neo4j-jmx-3.2.0.jar
2017-12-15 16:26:50.376+0000 INFO [o.n.k.i.DiagnosticsManager]  [classpath + loader.0] file:/home/cawo/.m2/repository/org/neo4j/neo4j-cypher/3.2.0/neo4j-cypher-3.2.0.jar
2017-12-15 16:26:50.376+0000 INFO [o.n.k.i.DiagnosticsManager]  [classpath + loader.0] file:/home/cawo/.m2/repository/org/ow2/asm/asm/5.2/asm-5.2.jar
2017-12-15 16:26:50.376+0000 INFO [o.n.k.i.DiagnosticsManager]  [classpath + loader.0] file:/home/cawo/.m2/repository/org/neo4j/neo4j-graph-matching/3.1.3/neo4j-graph-matching-3.1.3.jar
2017-12-15 16:26:50.376+0000 INFO [o.n.k.i.DiagnosticsManager]  [loader.1] file:/usr/lib/jvm/java-8-openjdk-amd64/jre/lib/ext/nashorn.jar
2017-12-15 16:26:50.376+0000 INFO [o.n.k.i.DiagnosticsManager]  [classpath + loader.0] file:/home/cawo/.m2/repository/org/parboiled/parboiled-core/1.1.7/parboiled-core-1.1.7.jar
2017-12-15 16:26:50.376+0000 INFO [o.n.k.i.DiagnosticsManager]  [loader.1] file:/usr/lib/jvm/java-8-openjdk-amd64/jre/lib/ext/icedtea-sound.jar
2017-12-15 16:26:50.376+0000 INFO [o.n.k.i.DiagnosticsManager]  [classpath + loader.0] file:/home/cawo/.m2/repository/org/apache/lucene/lucene-core/5.5.0/lucene-core-5.5.0.jar
2017-12-15 16:26:50.376+0000 INFO [o.n.k.i.DiagnosticsManager]  [classpath + loader.0] file:/home/cawo/.m2/repository/org/scala-lang/scala-reflect/2.11.8/scala-reflect-2.11.8.jar
2017-12-15 16:26:50.376+0000 INFO [o.n.k.i.DiagnosticsManager]  [loader.1] file:/usr/lib/jvm/java-8-openjdk-amd64/jre/lib/ext/sunjce_provider.jar
2017-12-15 16:26:50.376+0000 INFO [o.n.k.i.DiagnosticsManager]  [classpath + loader.0] file:/home/cawo/.m2/repository/org/neo4j/neo4j-unsafe/3.2.0/neo4j-unsafe-3.2.0.jar
2017-12-15 16:26:50.376+0000 INFO [o.n.k.i.DiagnosticsManager]  [classpath + loader.0] file:/home/cawo/.m2/repository/org/neo4j/neo4j-index/3.2.0/neo4j-index-3.2.0.jar
2017-12-15 16:26:50.376+0000 INFO [o.n.k.i.DiagnosticsManager]  [classpath + loader.0] file:/home/cawo/.m2/repository/com/github/ben-manes/caffeine/caffeine/2.3.3/caffeine-2.3.3.jar
2017-12-15 16:26:50.376+0000 INFO [o.n.k.i.DiagnosticsManager]  [bootstrap] /usr/lib/jvm/java-8-openjdk-amd64/jre/lib/sunrsasign.jar
2017-12-15 16:26:50.377+0000 INFO [o.n.k.i.DiagnosticsManager]  [classpath + loader.0] file:/home/cawo/.m2/repository/org/neo4j/neo4j-primitive-collections/3.2.0/neo4j-primitive-collections-3.2.0.jar
2017-12-15 16:26:50.377+0000 INFO [o.n.k.i.DiagnosticsManager]  [classpath + loader.0] file:/home/cawo/.m2/repository/org/apache/lucene/lucene-analyzers-common/5.5.0/lucene-analyzers-common-5.5.0.jar
2017-12-15 16:26:50.377+0000 INFO [o.n.k.i.DiagnosticsManager]  [classpath + loader.0] file:/home/cawo/.m2/repository/org/neo4j/neo4j-lucene-index/3.2.0/neo4j-lucene-index-3.2.0.jar
2017-12-15 16:26:50.377+0000 INFO [o.n.k.i.DiagnosticsManager]  [classpath + loader.0] file:/home/cawo/.m2/repository/net/sf/opencsv/opencsv/2.3/opencsv-2.3.jar
2017-12-15 16:26:50.377+0000 INFO [o.n.k.i.DiagnosticsManager]  [classpath + loader.0] file:/home/cawo/.m2/repository/org/neo4j/neo4j-graph-algo/3.2.0/neo4j-graph-algo-3.2.0.jar
2017-12-15 16:26:50.377+0000 INFO [o.n.k.i.DiagnosticsManager]  [classpath + loader.0] file:/home/cawo/.m2/repository/org/apache/commons/commons-lang3/3.3.2/commons-lang3-3.3.2.jar
2017-12-15 16:26:50.377+0000 INFO [o.n.k.i.DiagnosticsManager]  [classpath + loader.0] file:/home/cawo/.m2/repository/org/neo4j/neo4j-cypher-compiler-3.2/3.2.0/neo4j-cypher-compiler-3.2-3.2.0.jar
2017-12-15 16:26:50.377+0000 INFO [o.n.k.i.DiagnosticsManager]  [loader.1] file:/usr/lib/jvm/java-8-openjdk-amd64/jre/lib/ext/localedata.jar
2017-12-15 16:26:50.377+0000 INFO [o.n.k.i.DiagnosticsManager]  [loader.1] file:/usr/lib/jvm/java-8-openjdk-amd64/jre/lib/ext/jaccess.jar
2017-12-15 16:26:50.377+0000 INFO [o.n.k.i.DiagnosticsManager]  [classpath + loader.0] file:/home/cawo/.m2/repository/org/apache/lucene/lucene-queryparser/5.5.0/lucene-queryparser-5.5.0.jar
2017-12-15 16:26:50.377+0000 INFO [o.n.k.i.DiagnosticsManager]  [classpath + loader.0] file:/home/cawo/.m2/repository/org/apache/lucene/lucene-codecs/5.5.0/lucene-codecs-5.5.0.jar
2017-12-15 16:26:50.377+0000 INFO [o.n.k.i.DiagnosticsManager]  [loader.1] file:/usr/lib/jvm/java-8-openjdk-amd64/jre/lib/ext/sunpkcs11.jar
2017-12-15 16:26:50.377+0000 INFO [o.n.k.i.DiagnosticsManager]  [classpath + loader.0] file:/home/cawo/.m2/repository/org/neo4j/neo4j-cypher-frontend-3.2/3.2.0/neo4j-cypher-frontend-3.2-3.2.0.jar
2017-12-15 16:26:50.377+0000 INFO [o.n.k.i.DiagnosticsManager]  [classpath + loader.0] file:/home/cawo/.m2/repository/org/scala-lang/scala-library/2.11.8/scala-library-2.11.8.jar
2017-12-15 16:26:50.377+0000 INFO [o.n.k.i.DiagnosticsManager]  [classpath + loader.0] file:/home/cawo/.m2/repository/org/apache/lucene/lucene-backward-codecs/5.5.0/lucene-backward-codecs-5.5.0.jar
2017-12-15 16:26:50.377+0000 INFO [o.n.k.i.DiagnosticsManager]  [bootstrap + classpath + loader.0] file:/usr/lib/jvm/java-8-openjdk-amd64/jre/lib/jce.jar
2017-12-15 16:26:50.378+0000 INFO [o.n.k.i.DiagnosticsManager]  [bootstrap + classpath + loader.0] file:/usr/lib/jvm/java-8-openjdk-amd64/jre/lib/rt.jar
2017-12-15 16:26:50.378+0000 INFO [o.n.k.i.DiagnosticsManager]  [classpath + loader.0] file:/home/cawo/.m2/repository/org/neo4j/neo4j/3.2.0/neo4j-3.2.0.jar
2017-12-15 16:26:50.378+0000 INFO [o.n.k.i.DiagnosticsManager]  [loader.1] file:/usr/lib/jvm/java-8-openjdk-amd64/jre/lib/ext/sunec.jar
2017-12-15 16:26:50.378+0000 INFO [o.n.k.i.DiagnosticsManager]  [bootstrap] /usr/lib/jvm/java-8-openjdk-amd64/jre/lib/jfr.jar
2017-12-15 16:26:50.378+0000 INFO [o.n.k.i.DiagnosticsManager]  [classpath + loader.0] file:/home/cawo/.m2/repository/org/parboiled/parboiled-scala_2.11/1.1.7/parboiled-scala_2.11-1.1.7.jar
2017-12-15 16:26:50.378+0000 INFO [o.n.k.i.DiagnosticsManager]  [loader.1] file:/usr/lib/jvm/java-8-openjdk-amd64/jre/lib/ext/cldrdata.jar
2017-12-15 16:26:50.378+0000 INFO [o.n.k.i.DiagnosticsManager]  [bootstrap] /usr/lib/jvm/java-8-openjdk-amd64/jre/classes
2017-12-15 16:26:50.378+0000 INFO [o.n.k.i.DiagnosticsManager]  [classpath + loader.0] file:/home/cawo/eclipse-workspace/ArpenteurGraph/target/classes/
2017-12-15 16:26:50.378+0000 INFO [o.n.k.i.DiagnosticsManager]  [classpath + loader.0] file:/home/cawo/.m2/repository/org/neo4j/neo4j-configuration/3.2.0/neo4j-configuration-3.2.0.jar
2017-12-15 16:26:50.378+0000 INFO [o.n.k.i.DiagnosticsManager]  [loader.1] file:/usr/lib/jvm/java-8-openjdk-amd64/jre/lib/ext/zipfs.jar
2017-12-15 16:26:50.378+0000 INFO [o.n.k.i.DiagnosticsManager]  [classpath + loader.0] file:/home/cawo/.m2/repository/org/neo4j/neo4j-cypher-ir-3.2/3.2.0/neo4j-cypher-ir-3.2-3.2.0.jar
2017-12-15 16:26:50.378+0000 INFO [o.n.k.i.DiagnosticsManager]  [classpath + loader.0] file:/home/cawo/.m2/repository/org/neo4j/neo4j-io/3.2.0/neo4j-io-3.2.0.jar
2017-12-15 16:26:50.378+0000 INFO [o.n.k.i.DiagnosticsManager]  [classpath + loader.0] file:/home/cawo/.m2/repository/org/neo4j/neo4j-logging/3.2.0/neo4j-logging-3.2.0.jar
2017-12-15 16:26:50.378+0000 INFO [o.n.k.i.DiagnosticsManager]  [classpath + loader.0] file:/home/cawo/.m2/repository/org/neo4j/neo4j-udc/3.2.0/neo4j-udc-3.2.0.jar
2017-12-15 16:26:50.378+0000 INFO [o.n.k.i.DiagnosticsManager]  [classpath + loader.0] file:/home/cawo/.m2/repository/org/neo4j/neo4j-cypher-compiler-2.3/2.3.10/neo4j-cypher-compiler-2.3-2.3.10.jar
2017-12-15 16:26:50.378+0000 INFO [o.n.k.i.DiagnosticsManager]  [classpath + loader.0] file:/home/cawo/.m2/repository/com/googlecode/concurrentlinkedhashmap/concurrentlinkedhashmap-lru/1.4.2/concurrentlinkedhashmap-lru-1.4.2.jar
2017-12-15 16:26:50.378+0000 INFO [o.n.k.i.DiagnosticsManager]  [classpath + loader.0] file:/home/cawo/.m2/repository/org/neo4j/neo4j-import-tool/3.2.0/neo4j-import-tool-3.2.0.jar
2017-12-15 16:26:50.378+0000 INFO [o.n.k.i.DiagnosticsManager]  [classpath + loader.0] file:/home/cawo/.m2/repository/org/neo4j/neo4j-dbms/3.2.0/neo4j-dbms-3.2.0.jar
2017-12-15 16:26:50.379+0000 INFO [o.n.k.i.DiagnosticsManager]  [classpath + loader.0] file:/home/cawo/.m2/repository/org/neo4j/neo4j-common/3.2.0/neo4j-common-3.2.0.jar
2017-12-15 16:26:50.379+0000 INFO [o.n.k.i.DiagnosticsManager]  [classpath + loader.0] file:/home/cawo/.m2/repository/org/neo4j/neo4j-graphdb-api/3.2.0/neo4j-graphdb-api-3.2.0.jar
2017-12-15 16:26:50.379+0000 INFO [o.n.k.i.DiagnosticsManager]  [classpath + loader.0] file:/home/cawo/.m2/repository/org/neo4j/neo4j-consistency-check/3.2.0/neo4j-consistency-check-3.2.0.jar
2017-12-15 16:26:50.379+0000 INFO [o.n.k.i.DiagnosticsManager]  [bootstrap + classpath + loader.0] file:/usr/lib/jvm/java-8-openjdk-amd64/jre/lib/charsets.jar
2017-12-15 16:26:50.379+0000 INFO [o.n.k.i.DiagnosticsManager]  [loader.1] file:/usr/lib/jvm/java-8-openjdk-amd64/jre/lib/ext/dnsns.jar
2017-12-15 16:26:50.379+0000 INFO [o.n.k.i.DiagnosticsManager]  [classpath + loader.0] file:/home/cawo/.m2/repository/org/neo4j/neo4j-resource/3.2.0/neo4j-resource-3.2.0.jar
2017-12-15 16:26:50.379+0000 INFO [o.n.k.i.DiagnosticsManager]  [bootstrap + classpath + loader.0] file:/usr/lib/jvm/java-8-openjdk-amd64/jre/lib/jsse.jar
2017-12-15 16:26:50.379+0000 INFO [o.n.k.i.DiagnosticsManager]  [classpath + loader.0] file:/home/cawo/.m2/repository/org/neo4j/neo4j-kernel/3.2.0/neo4j-kernel-3.2.0.jar
2017-12-15 16:26:50.379+0000 INFO [o.n.k.i.DiagnosticsManager]  [classpath + loader.0] file:/home/cawo/.m2/repository/org/neo4j/neo4j-lucene-upgrade/3.2.0/neo4j-lucene-upgrade-3.2.0.jar
2017-12-15 16:26:50.379+0000 INFO [o.n.k.i.DiagnosticsManager]  [classpath + loader.0] file:/home/cawo/.m2/repository/org/neo4j/neo4j-command-line/3.2.0/neo4j-command-line-3.2.0.jar
2017-12-15 16:26:50.379+0000 INFO [o.n.k.i.DiagnosticsManager]  [classpath + loader.0] file:/home/cawo/.m2/repository/org/neo4j/neo4j-codegen/3.2.0/neo4j-codegen-3.2.0.jar
2017-12-15 16:26:50.379+0000 INFO [o.n.k.i.DiagnosticsManager]  [classpath + loader.0] file:/home/cawo/.m2/repository/org/neo4j/neo4j-cypher-frontend-3.1/3.1.4/neo4j-cypher-frontend-3.1-3.1.4.jar
2017-12-15 16:26:50.379+0000 INFO [o.n.k.i.DiagnosticsManager]  [classpath + loader.0] file:/home/cawo/eclipse-workspace/ArpenteurGraph/API.jar
2017-12-15 16:26:50.379+0000 INFO [o.n.k.i.DiagnosticsManager]  [classpath + loader.0] file:/home/cawo/.m2/repository/org/neo4j/neo4j-cypher-frontend-2.3/2.3.10/neo4j-cypher-frontend-2.3-2.3.10.jar
2017-12-15 16:26:50.379+0000 INFO [o.n.k.i.DiagnosticsManager]  [classpath + loader.0] file:/home/cawo/.m2/repository/org/neo4j/neo4j-cypher-compiler-3.1/3.1.4/neo4j-cypher-compiler-3.1-3.1.4.jar
2017-12-15 16:26:50.379+0000 INFO [o.n.k.i.DiagnosticsManager] Library path:
2017-12-15 16:26:50.379+0000 INFO [o.n.k.i.DiagnosticsManager] /usr/java/packages/lib/amd64
2017-12-15 16:26:50.380+0000 INFO [o.n.k.i.DiagnosticsManager] /usr/lib/x86_64-linux-gnu/jni
2017-12-15 16:26:50.380+0000 INFO [o.n.k.i.DiagnosticsManager] /lib/x86_64-linux-gnu
2017-12-15 16:26:50.380+0000 INFO [o.n.k.i.DiagnosticsManager] /usr/lib/x86_64-linux-gnu
2017-12-15 16:26:50.380+0000 INFO [o.n.k.i.DiagnosticsManager] /usr/lib/jni
2017-12-15 16:26:50.380+0000 INFO [o.n.k.i.DiagnosticsManager] /lib
2017-12-15 16:26:50.380+0000 INFO [o.n.k.i.DiagnosticsManager] /usr/lib
2017-12-15 16:26:50.380+0000 INFO [o.n.k.i.DiagnosticsManager] System.properties:
2017-12-15 16:26:50.380+0000 INFO [o.n.k.i.DiagnosticsManager] sun.boot.library.path = /usr/lib/jvm/java-8-openjdk-amd64/jre/lib/amd64
2017-12-15 16:26:50.380+0000 INFO [o.n.k.i.DiagnosticsManager] path.separator = :
2017-12-15 16:26:50.380+0000 INFO [o.n.k.i.DiagnosticsManager] file.encoding.pkg = sun.io
2017-12-15 16:26:50.380+0000 INFO [o.n.k.i.DiagnosticsManager] user.country = FR
2017-12-15 16:26:50.380+0000 INFO [o.n.k.i.DiagnosticsManager] sun.java.launcher = SUN_STANDARD
2017-12-15 16:26:50.381+0000 INFO [o.n.k.i.DiagnosticsManager] sun.os.patch.level = unknown
2017-12-15 16:26:50.381+0000 INFO [o.n.k.i.DiagnosticsManager] user.dir = /home/cawo/eclipse-workspace/ArpenteurGraph
2017-12-15 16:26:50.381+0000 INFO [o.n.k.i.DiagnosticsManager] sun.jnu.encoding = UTF-8
2017-12-15 16:26:50.381+0000 INFO [o.n.k.i.DiagnosticsManager] sun.management.compiler = HotSpot 64-Bit Tiered Compilers
2017-12-15 16:26:50.381+0000 INFO [o.n.k.i.DiagnosticsManager] user.home = /home/cawo
2017-12-15 16:26:50.381+0000 INFO [o.n.k.i.DiagnosticsManager] user.timezone = Europe/Paris
2017-12-15 16:26:50.381+0000 INFO [o.n.k.i.DiagnosticsManager] file.encoding = UTF-8
2017-12-15 16:26:50.381+0000 INFO [o.n.k.i.DiagnosticsManager] user.name = cawo
2017-12-15 16:26:50.381+0000 INFO [o.n.k.i.DiagnosticsManager] sun.java.command = Main
2017-12-15 16:26:50.381+0000 INFO [o.n.k.i.DiagnosticsManager] sun.arch.data.model = 64
2017-12-15 16:26:50.381+0000 INFO [o.n.k.i.DiagnosticsManager] user.language = fr
2017-12-15 16:26:50.381+0000 INFO [o.n.k.i.DiagnosticsManager] awt.toolkit = sun.awt.X11.XToolkit
2017-12-15 16:26:50.381+0000 INFO [o.n.k.i.DiagnosticsManager] file.separator = /
2017-12-15 16:26:50.381+0000 INFO [o.n.k.i.DiagnosticsManager] sun.io.unicode.encoding = UnicodeLittle
2017-12-15 16:26:50.381+0000 INFO [o.n.k.i.DiagnosticsManager] sun.cpu.endian = little
2017-12-15 16:26:50.382+0000 INFO [o.n.k.i.DiagnosticsManager] sun.desktop = gnome
2017-12-15 16:26:50.382+0000 INFO [o.n.k.i.DiagnosticsManager] sun.cpu.isalist = 
2017-12-15 16:26:50.382+0000 INFO [o.n.k.i.DiagnosticsManager] Linux scheduler information:
2017-12-15 16:26:50.390+0000 INFO [o.n.k.i.DiagnosticsManager] none
2017-12-15 16:26:50.393+0000 INFO [o.n.k.i.DiagnosticsManager] none
2017-12-15 16:26:50.393+0000 INFO [o.n.k.i.DiagnosticsManager] none
2017-12-15 16:26:50.394+0000 INFO [o.n.k.i.DiagnosticsManager] none
2017-12-15 16:26:50.394+0000 INFO [o.n.k.i.DiagnosticsManager] none
2017-12-15 16:26:50.394+0000 INFO [o.n.k.i.DiagnosticsManager] none
2017-12-15 16:26:50.394+0000 INFO [o.n.k.i.DiagnosticsManager] noop deadline [cfq] 
2017-12-15 16:26:50.395+0000 INFO [o.n.k.i.DiagnosticsManager] none
2017-12-15 16:26:50.395+0000 INFO [o.n.k.i.DiagnosticsManager] none
2017-12-15 16:26:50.395+0000 INFO [o.n.k.i.DiagnosticsManager] none
2017-12-15 16:26:50.395+0000 INFO [o.n.k.i.DiagnosticsManager] Network information:
2017-12-15 16:26:50.396+0000 INFO [o.n.k.i.DiagnosticsManager] Interface wlp2s0:
2017-12-15 16:26:50.397+0000 INFO [o.n.k.i.DiagnosticsManager]     address: fe80:0:0:0:d5ac:1ba7:81bc:bb8c%wlp2s0
2017-12-15 16:26:50.397+0000 INFO [o.n.k.i.DiagnosticsManager]     address: 148.60.175.126
2017-12-15 16:26:50.397+0000 INFO [o.n.k.i.DiagnosticsManager] Interface lo:
2017-12-15 16:26:50.397+0000 INFO [o.n.k.i.DiagnosticsManager]     address: 0:0:0:0:0:0:0:1%lo
2017-12-15 16:26:50.397+0000 INFO [o.n.k.i.DiagnosticsManager]     address: 127.0.0.1
2017-12-15 16:26:50.397+0000 INFO [o.n.k.i.DiagnosticsManager] --- INITIALIZED diagnostics END ---
2017-12-15 16:26:50.678+0000 INFO [o.n.k.i.s.f.RecordFormatSelector] Selected RecordFormat:StandardV3_2[v0.A.8] record format from store /home/cawo/eclipse-workspace/ArpenteurGraph/~/home/cawo/Bureau/Graph/Informatique_L2_S3_G1
2017-12-15 16:26:50.713+0000 INFO [o.n.k.i.s.f.RecordFormatSelector] Selected RecordFormat:StandardV3_2[v0.A.8] record format from store /home/cawo/eclipse-workspace/ArpenteurGraph/~/home/cawo/Bureau/Graph/Informatique_L2_S3_G1
2017-12-15 16:26:50.713+0000 INFO [o.n.k.i.s.f.RecordFormatSelector] Format not configured. Selected format from the store: RecordFormat:StandardV3_2[v0.A.8]
2017-12-15 16:26:50.943+0000 INFO [o.n.k.i.a.i.IndexingService] IndexingService.init: indexes not specifically mentioned above are null
2017-12-15 16:26:50.976+0000 INFO [o.n.k.a.i.l.LuceneLabelScanStore] Scan store recovery completed: Number of cleaned crashed pointers: 0 Number of pages visited: 2 Time spent: 5ms
2017-12-15 16:26:50.976+0000 INFO [o.n.k.i.i.l.NativeLabelScanStore] Scan store recovery completed: Number of cleaned crashed pointers: 0 Number of pages visited: 2 Time spent: 5ms
2017-12-15 16:26:50.981+0000 INFO [o.n.k.NeoStoreDataSource] No commits found after last check point (which is at <no log position given>)
2017-12-15 16:26:50.985+0000 INFO [o.n.k.i.s.DynamicArrayStore] Rebuilding id generator for[/home/cawo/eclipse-workspace/ArpenteurGraph/~/home/cawo/Bureau/Graph/Informatique_L2_S3_G1/neostore.nodestore.db.labels] ...
2017-12-15 16:26:50.992+0000 INFO [o.n.k.i.s.DynamicArrayStore] [/home/cawo/eclipse-workspace/ArpenteurGraph/~/home/cawo/Bureau/Graph/Informatique_L2_S3_G1/neostore.nodestore.db.labels] high id=1 (defragged=0)
2017-12-15 16:26:50.992+0000 INFO [o.n.k.i.s.DynamicArrayStore] /home/cawo/eclipse-workspace/ArpenteurGraph/~/home/cawo/Bureau/Graph/Informatique_L2_S3_G1/neostore.nodestore.db.labels rebuild id generator, highId=1 defragged count=0
2017-12-15 16:26:50.992+0000 INFO [o.n.k.i.s.NodeStore] Rebuilding id generator for[/home/cawo/eclipse-workspace/ArpenteurGraph/~/home/cawo/Bureau/Graph/Informatique_L2_S3_G1/neostore.nodestore.db] ...
2017-12-15 16:26:50.995+0000 INFO [o.n.k.i.s.NodeStore] [/home/cawo/eclipse-workspace/ArpenteurGraph/~/home/cawo/Bureau/Graph/Informatique_L2_S3_G1/neostore.nodestore.db] high id=0 (defragged=0)
2017-12-15 16:26:50.995+0000 INFO [o.n.k.i.s.NodeStore] /home/cawo/eclipse-workspace/ArpenteurGraph/~/home/cawo/Bureau/Graph/Informatique_L2_S3_G1/neostore.nodestore.db rebuild id generator, highId=0 defragged count=0
2017-12-15 16:26:50.996+0000 INFO [o.n.k.i.s.DynamicStringStore] Rebuilding id generator for[/home/cawo/eclipse-workspace/ArpenteurGraph/~/home/cawo/Bureau/Graph/Informatique_L2_S3_G1/neostore.propertystore.db.index.keys] ...
2017-12-15 16:26:50.999+0000 INFO [o.n.k.i.s.DynamicStringStore] [/home/cawo/eclipse-workspace/ArpenteurGraph/~/home/cawo/Bureau/Graph/Informatique_L2_S3_G1/neostore.propertystore.db.index.keys] high id=1 (defragged=0)
2017-12-15 16:26:50.999+0000 INFO [o.n.k.i.s.DynamicStringStore] /home/cawo/eclipse-workspace/ArpenteurGraph/~/home/cawo/Bureau/Graph/Informatique_L2_S3_G1/neostore.propertystore.db.index.keys rebuild id generator, highId=1 defragged count=0
2017-12-15 16:26:50.999+0000 INFO [o.n.k.i.s.PropertyKeyTokenStore] Rebuilding id generator for[/home/cawo/eclipse-workspace/ArpenteurGraph/~/home/cawo/Bureau/Graph/Informatique_L2_S3_G1/neostore.propertystore.db.index] ...
2017-12-15 16:26:51.001+0000 INFO [o.n.k.i.s.PropertyKeyTokenStore] [/home/cawo/eclipse-workspace/ArpenteurGraph/~/home/cawo/Bureau/Graph/Informatique_L2_S3_G1/neostore.propertystore.db.index] high id=0 (defragged=0)
2017-12-15 16:26:51.002+0000 INFO [o.n.k.i.s.PropertyKeyTokenStore] /home/cawo/eclipse-workspace/ArpenteurGraph/~/home/cawo/Bureau/Graph/Informatique_L2_S3_G1/neostore.propertystore.db.index rebuild id generator, highId=0 defragged count=0
2017-12-15 16:26:51.005+0000 INFO [o.n.k.i.s.DynamicStringStore] Rebuilding id generator for[/home/cawo/eclipse-workspace/ArpenteurGraph/~/home/cawo/Bureau/Graph/Informatique_L2_S3_G1/neostore.propertystore.db.strings] ...
2017-12-15 16:26:51.010+0000 INFO [o.n.k.i.s.DynamicStringStore] [/home/cawo/eclipse-workspace/ArpenteurGraph/~/home/cawo/Bureau/Graph/Informatique_L2_S3_G1/neostore.propertystore.db.strings] high id=1 (defragged=0)
2017-12-15 16:26:51.011+0000 INFO [o.n.k.i.s.DynamicStringStore] /home/cawo/eclipse-workspace/ArpenteurGraph/~/home/cawo/Bureau/Graph/Informatique_L2_S3_G1/neostore.propertystore.db.strings rebuild id generator, highId=1 defragged count=0
2017-12-15 16:26:51.011+0000 INFO [o.n.k.i.s.DynamicArrayStore] Rebuilding id generator for[/home/cawo/eclipse-workspace/ArpenteurGraph/~/home/cawo/Bureau/Graph/Informatique_L2_S3_G1/neostore.propertystore.db.arrays] ...
2017-12-15 16:26:51.014+0000 INFO [o.n.k.i.s.DynamicArrayStore] [/home/cawo/eclipse-workspace/ArpenteurGraph/~/home/cawo/Bureau/Graph/Informatique_L2_S3_G1/neostore.propertystore.db.arrays] high id=1 (defragged=0)
2017-12-15 16:26:51.014+0000 INFO [o.n.k.i.s.DynamicArrayStore] /home/cawo/eclipse-workspace/ArpenteurGraph/~/home/cawo/Bureau/Graph/Informatique_L2_S3_G1/neostore.propertystore.db.arrays rebuild id generator, highId=1 defragged count=0
2017-12-15 16:26:51.014+0000 INFO [o.n.k.i.s.PropertyStore] Rebuilding id generator for[/home/cawo/eclipse-workspace/ArpenteurGraph/~/home/cawo/Bureau/Graph/Informatique_L2_S3_G1/neostore.propertystore.db] ...
2017-12-15 16:26:51.018+0000 INFO [o.n.k.i.s.PropertyStore] [/home/cawo/eclipse-workspace/ArpenteurGraph/~/home/cawo/Bureau/Graph/Informatique_L2_S3_G1/neostore.propertystore.db] high id=0 (defragged=0)
2017-12-15 16:26:51.018+0000 INFO [o.n.k.i.s.PropertyStore] /home/cawo/eclipse-workspace/ArpenteurGraph/~/home/cawo/Bureau/Graph/Informatique_L2_S3_G1/neostore.propertystore.db rebuild id generator, highId=0 defragged count=0
2017-12-15 16:26:51.018+0000 INFO [o.n.k.i.s.RelationshipStore] Rebuilding id generator for[/home/cawo/eclipse-workspace/ArpenteurGraph/~/home/cawo/Bureau/Graph/Informatique_L2_S3_G1/neostore.relationshipstore.db] ...
2017-12-15 16:26:51.021+0000 INFO [o.n.k.i.s.RelationshipStore] [/home/cawo/eclipse-workspace/ArpenteurGraph/~/home/cawo/Bureau/Graph/Informatique_L2_S3_G1/neostore.relationshipstore.db] high id=0 (defragged=0)
2017-12-15 16:26:51.021+0000 INFO [o.n.k.i.s.RelationshipStore] /home/cawo/eclipse-workspace/ArpenteurGraph/~/home/cawo/Bureau/Graph/Informatique_L2_S3_G1/neostore.relationshipstore.db rebuild id generator, highId=0 defragged count=0
2017-12-15 16:26:51.021+0000 INFO [o.n.k.i.s.DynamicStringStore] Rebuilding id generator for[/home/cawo/eclipse-workspace/ArpenteurGraph/~/home/cawo/Bureau/Graph/Informatique_L2_S3_G1/neostore.relationshiptypestore.db.names] ...
2017-12-15 16:26:51.024+0000 INFO [o.n.k.i.s.DynamicStringStore] [/home/cawo/eclipse-workspace/ArpenteurGraph/~/home/cawo/Bureau/Graph/Informatique_L2_S3_G1/neostore.relationshiptypestore.db.names] high id=1 (defragged=0)
2017-12-15 16:26:51.024+0000 INFO [o.n.k.i.s.DynamicStringStore] /home/cawo/eclipse-workspace/ArpenteurGraph/~/home/cawo/Bureau/Graph/Informatique_L2_S3_G1/neostore.relationshiptypestore.db.names rebuild id generator, highId=1 defragged count=0
2017-12-15 16:26:51.024+0000 INFO [o.n.k.i.s.RelationshipTypeTokenStore] Rebuilding id generator for[/home/cawo/eclipse-workspace/ArpenteurGraph/~/home/cawo/Bureau/Graph/Informatique_L2_S3_G1/neostore.relationshiptypestore.db] ...
2017-12-15 16:26:51.026+0000 INFO [o.n.k.i.s.RelationshipTypeTokenStore] [/home/cawo/eclipse-workspace/ArpenteurGraph/~/home/cawo/Bureau/Graph/Informatique_L2_S3_G1/neostore.relationshiptypestore.db] high id=0 (defragged=0)
2017-12-15 16:26:51.027+0000 INFO [o.n.k.i.s.RelationshipTypeTokenStore] /home/cawo/eclipse-workspace/ArpenteurGraph/~/home/cawo/Bureau/Graph/Informatique_L2_S3_G1/neostore.relationshiptypestore.db rebuild id generator, highId=0 defragged count=0
2017-12-15 16:26:51.029+0000 INFO [o.n.k.i.s.DynamicStringStore] Rebuilding id generator for[/home/cawo/eclipse-workspace/ArpenteurGraph/~/home/cawo/Bureau/Graph/Informatique_L2_S3_G1/neostore.labeltokenstore.db.names] ...
2017-12-15 16:26:51.033+0000 INFO [o.n.k.i.s.DynamicStringStore] [/home/cawo/eclipse-workspace/ArpenteurGraph/~/home/cawo/Bureau/Graph/Informatique_L2_S3_G1/neostore.labeltokenstore.db.names] high id=1 (defragged=0)
2017-12-15 16:26:51.033+0000 INFO [o.n.k.i.s.DynamicStringStore] /home/cawo/eclipse-workspace/ArpenteurGraph/~/home/cawo/Bureau/Graph/Informatique_L2_S3_G1/neostore.labeltokenstore.db.names rebuild id generator, highId=1 defragged count=0
2017-12-15 16:26:51.034+0000 INFO [o.n.k.i.s.LabelTokenStore] Rebuilding id generator for[/home/cawo/eclipse-workspace/ArpenteurGraph/~/home/cawo/Bureau/Graph/Informatique_L2_S3_G1/neostore.labeltokenstore.db] ...
2017-12-15 16:26:51.038+0000 INFO [o.n.k.i.s.LabelTokenStore] [/home/cawo/eclipse-workspace/ArpenteurGraph/~/home/cawo/Bureau/Graph/Informatique_L2_S3_G1/neostore.labeltokenstore.db] high id=0 (defragged=0)
2017-12-15 16:26:51.039+0000 INFO [o.n.k.i.s.LabelTokenStore] /home/cawo/eclipse-workspace/ArpenteurGraph/~/home/cawo/Bureau/Graph/Informatique_L2_S3_G1/neostore.labeltokenstore.db rebuild id generator, highId=0 defragged count=0
2017-12-15 16:26:51.043+0000 INFO [o.n.k.i.s.SchemaStore] Rebuilding id generator for[/home/cawo/eclipse-workspace/ArpenteurGraph/~/home/cawo/Bureau/Graph/Informatique_L2_S3_G1/neostore.schemastore.db] ...
2017-12-15 16:26:51.047+0000 INFO [o.n.k.i.s.SchemaStore] [/home/cawo/eclipse-workspace/ArpenteurGraph/~/home/cawo/Bureau/Graph/Informatique_L2_S3_G1/neostore.schemastore.db] high id=1 (defragged=0)
2017-12-15 16:26:51.047+0000 INFO [o.n.k.i.s.SchemaStore] /home/cawo/eclipse-workspace/ArpenteurGraph/~/home/cawo/Bureau/Graph/Informatique_L2_S3_G1/neostore.schemastore.db rebuild id generator, highId=1 defragged count=0
2017-12-15 16:26:51.047+0000 INFO [o.n.k.i.s.RelationshipGroupStore] Rebuilding id generator for[/home/cawo/eclipse-workspace/ArpenteurGraph/~/home/cawo/Bureau/Graph/Informatique_L2_S3_G1/neostore.relationshipgroupstore.db] ...
2017-12-15 16:26:51.052+0000 INFO [o.n.k.i.s.RelationshipGroupStore] [/home/cawo/eclipse-workspace/ArpenteurGraph/~/home/cawo/Bureau/Graph/Informatique_L2_S3_G1/neostore.relationshipgroupstore.db] high id=1 (defragged=0)
2017-12-15 16:26:51.052+0000 INFO [o.n.k.i.s.RelationshipGroupStore] /home/cawo/eclipse-workspace/ArpenteurGraph/~/home/cawo/Bureau/Graph/Informatique_L2_S3_G1/neostore.relationshipgroupstore.db rebuild id generator, highId=1 defragged count=0
2017-12-15 16:26:51.053+0000 INFO [o.n.k.i.s.MetaDataStore] Rebuilding id generator for[/home/cawo/eclipse-workspace/ArpenteurGraph/~/home/cawo/Bureau/Graph/Informatique_L2_S3_G1/neostore] ...
2017-12-15 16:26:51.058+0000 INFO [o.n.k.i.s.MetaDataStore] [/home/cawo/eclipse-workspace/ArpenteurGraph/~/home/cawo/Bureau/Graph/Informatique_L2_S3_G1/neostore] high id=15 (defragged=0)
2017-12-15 16:26:51.059+0000 INFO [o.n.k.i.s.MetaDataStore] /home/cawo/eclipse-workspace/ArpenteurGraph/~/home/cawo/Bureau/Graph/Informatique_L2_S3_G1/neostore rebuild id generator, highId=15 defragged count=0
2017-12-15 16:26:51.065+0000 INFO [o.n.k.i.a.i.IndexingService] IndexingService.start: indexes not specifically mentioned above are null
2017-12-15 16:26:51.080+0000 INFO [o.n.k.i.DatabaseHealth] Database health set to OK
2017-12-15 16:26:51.822+0000 INFO [o.n.k.AvailabilityGuard] Fulfilling of requirement makes database available: Database available
2017-12-15 16:26:51.823+0000 INFO [o.n.k.i.f.GraphDatabaseFacadeFactory] Database is now ready
2017-12-15 16:26:51.828+0000 INFO [o.n.k.i.DiagnosticsManager] --- STARTED diagnostics for KernelDiagnostics:Versions START ---
2017-12-15 16:26:51.828+0000 INFO [o.n.k.i.DiagnosticsManager] Graph Database: community single StoreId{creationTime=1513355180081, randomId=-2374666451230661784, storeVersion=15813456178476550, upgradeTime=1513355180081, upgradeId=1}
2017-12-15 16:26:51.828+0000 INFO [o.n.k.i.DiagnosticsManager] Kernel version: 3.2.0,6c8c5763843ef95d9cad8ee618284e703f03e064
2017-12-15 16:26:51.829+0000 INFO [o.n.k.i.DiagnosticsManager] --- STARTED diagnostics for KernelDiagnostics:Versions END ---
2017-12-15 16:26:51.831+0000 INFO [o.n.k.i.DiagnosticsManager] --- STARTED diagnostics for NEO_STORE_VERSIONS START ---
2017-12-15 16:26:51.831+0000 INFO [o.n.k.i.DiagnosticsManager] Store versions:
2017-12-15 16:26:51.831+0000 INFO [o.n.k.i.DiagnosticsManager] Store versions:
2017-12-15 16:26:51.831+0000 INFO [o.n.k.i.DiagnosticsManager]   ArrayPropertyStore v0.A.8
2017-12-15 16:26:51.834+0000 INFO [o.n.k.i.DiagnosticsManager]   NodeStore v0.A.8
2017-12-15 16:26:51.834+0000 INFO [o.n.k.i.DiagnosticsManager]   StringPropertyStore v0.A.8
2017-12-15 16:26:51.834+0000 INFO [o.n.k.i.DiagnosticsManager]   PropertyIndexStore v0.A.8
2017-12-15 16:26:51.834+0000 INFO [o.n.k.i.DiagnosticsManager]   StringPropertyStore v0.A.8
2017-12-15 16:26:51.834+0000 INFO [o.n.k.i.DiagnosticsManager]   ArrayPropertyStore v0.A.8
2017-12-15 16:26:51.834+0000 INFO [o.n.k.i.DiagnosticsManager]   PropertyStore v0.A.8
2017-12-15 16:26:51.834+0000 INFO [o.n.k.i.DiagnosticsManager]   RelationshipStore v0.A.8
2017-12-15 16:26:51.834+0000 INFO [o.n.k.i.DiagnosticsManager]   StringPropertyStore v0.A.8
2017-12-15 16:26:51.835+0000 INFO [o.n.k.i.DiagnosticsManager]   RelationshipTypeStore v0.A.8
2017-12-15 16:26:51.835+0000 INFO [o.n.k.i.DiagnosticsManager]   StringPropertyStore v0.A.8
2017-12-15 16:26:51.835+0000 INFO [o.n.k.i.DiagnosticsManager]   LabelTokenStore v0.A.8
2017-12-15 16:26:51.835+0000 INFO [o.n.k.i.DiagnosticsManager]   SchemaStore v0.A.8
2017-12-15 16:26:51.835+0000 INFO [o.n.k.i.DiagnosticsManager]   RelationshipGroupStore v0.A.8
2017-12-15 16:26:51.835+0000 INFO [o.n.k.i.DiagnosticsManager]   NeoStore v0.A.8
2017-12-15 16:26:51.835+0000 INFO [o.n.k.i.DiagnosticsManager] --- STARTED diagnostics for NEO_STORE_VERSIONS END ---
2017-12-15 16:26:51.835+0000 INFO [o.n.k.i.DiagnosticsManager] --- STARTED diagnostics for NEO_STORE_ID_USAGE START ---
2017-12-15 16:26:51.835+0000 INFO [o.n.k.i.DiagnosticsManager] Id usage:
2017-12-15 16:26:51.835+0000 INFO [o.n.k.i.DiagnosticsManager] Id usage:
2017-12-15 16:26:51.836+0000 INFO [o.n.k.i.DiagnosticsManager]   ArrayPropertyStore: used=1 high=0
2017-12-15 16:26:51.836+0000 INFO [o.n.k.i.DiagnosticsManager]   NodeStore: used=0 high=-1
2017-12-15 16:26:51.836+0000 INFO [o.n.k.i.DiagnosticsManager]   StringPropertyStore: used=1 high=0
2017-12-15 16:26:51.836+0000 INFO [o.n.k.i.DiagnosticsManager]   PropertyIndexStore: used=0 high=-1
2017-12-15 16:26:51.837+0000 INFO [o.n.k.i.DiagnosticsManager]   StringPropertyStore: used=1 high=0
2017-12-15 16:26:51.837+0000 INFO [o.n.k.i.DiagnosticsManager]   ArrayPropertyStore: used=1 high=0
2017-12-15 16:26:51.837+0000 INFO [o.n.k.i.DiagnosticsManager]   PropertyStore: used=0 high=-1
2017-12-15 16:26:51.837+0000 INFO [o.n.k.i.DiagnosticsManager]   RelationshipStore: used=0 high=-1
2017-12-15 16:26:51.837+0000 INFO [o.n.k.i.DiagnosticsManager]   StringPropertyStore: used=1 high=0
2017-12-15 16:26:51.837+0000 INFO [o.n.k.i.DiagnosticsManager]   RelationshipTypeStore: used=0 high=-1
2017-12-15 16:26:51.837+0000 INFO [o.n.k.i.DiagnosticsManager]   StringPropertyStore: used=1 high=0
2017-12-15 16:26:51.838+0000 INFO [o.n.k.i.DiagnosticsManager]   LabelTokenStore: used=0 high=-1
2017-12-15 16:26:51.838+0000 INFO [o.n.k.i.DiagnosticsManager]   SchemaStore: used=1 high=0
2017-12-15 16:26:51.838+0000 INFO [o.n.k.i.DiagnosticsManager]   RelationshipGroupStore: used=1 high=0
2017-12-15 16:26:51.838+0000 INFO [o.n.k.i.DiagnosticsManager]   NeoStore: used=15 high=14
2017-12-15 16:26:51.838+0000 INFO [o.n.k.i.DiagnosticsManager] --- STARTED diagnostics for NEO_STORE_ID_USAGE END ---
2017-12-15 16:26:51.838+0000 INFO [o.n.k.i.DiagnosticsManager] --- STARTED diagnostics for NEO_STORE_RECORDS START ---
2017-12-15 16:26:51.838+0000 INFO [o.n.k.i.DiagnosticsManager] Neostore records:
2017-12-15 16:26:51.839+0000 INFO [o.n.k.i.DiagnosticsManager] TIME (Creation time): 1513355180081
2017-12-15 16:26:51.839+0000 INFO [o.n.k.i.DiagnosticsManager] RANDOM_NUMBER (Random number for store id): -2374666451230661784
2017-12-15 16:26:51.839+0000 INFO [o.n.k.i.DiagnosticsManager] LOG_VERSION (Current log version): 0
2017-12-15 16:26:51.839+0000 INFO [o.n.k.i.DiagnosticsManager] LAST_TRANSACTION_ID (Last committed transaction): 1
2017-12-15 16:26:51.839+0000 INFO [o.n.k.i.DiagnosticsManager] STORE_VERSION (Store format version): 15813456178476550
2017-12-15 16:26:51.840+0000 INFO [o.n.k.i.DiagnosticsManager] FIRST_GRAPH_PROPERTY (First property record containing graph properties): -1
2017-12-15 16:26:51.840+0000 INFO [o.n.k.i.DiagnosticsManager] LAST_CONSTRAINT_TRANSACTION (Last committed transaction containing constraint changes): 0
2017-12-15 16:26:51.840+0000 INFO [o.n.k.i.DiagnosticsManager] UPGRADE_TRANSACTION_ID (Transaction id most recent upgrade was performed at): 1
2017-12-15 16:26:51.840+0000 INFO [o.n.k.i.DiagnosticsManager] UPGRADE_TIME (Time of last upgrade): 1513355180081
2017-12-15 16:26:51.840+0000 INFO [o.n.k.i.DiagnosticsManager] LAST_TRANSACTION_CHECKSUM (Checksum of last committed transaction): 0
2017-12-15 16:26:51.840+0000 INFO [o.n.k.i.DiagnosticsManager] UPGRADE_TRANSACTION_CHECKSUM (Checksum of transaction id the most recent upgrade was performed at): 0
2017-12-15 16:26:51.840+0000 INFO [o.n.k.i.DiagnosticsManager] LAST_CLOSED_TRANSACTION_LOG_VERSION (Log version where the last transaction commit entry has been written into): 0
2017-12-15 16:26:51.840+0000 INFO [o.n.k.i.DiagnosticsManager] LAST_CLOSED_TRANSACTION_LOG_BYTE_OFFSET (Byte offset in the log file where the last transaction commit entry has been written into): 16
2017-12-15 16:26:51.840+0000 INFO [o.n.k.i.DiagnosticsManager] LAST_TRANSACTION_COMMIT_TIMESTAMP (Commit time timestamp for last committed transaction): 0
2017-12-15 16:26:51.840+0000 INFO [o.n.k.i.DiagnosticsManager] UPGRADE_TRANSACTION_COMMIT_TIMESTAMP (Commit timestamp of transaction the most recent upgrade was performed at): 0
2017-12-15 16:26:51.840+0000 INFO [o.n.k.i.DiagnosticsManager] --- STARTED diagnostics for NEO_STORE_RECORDS END ---
2017-12-15 16:26:51.842+0000 INFO [o.n.k.i.DiagnosticsManager] --- STARTED diagnostics for TRANSACTION_RANGE START ---
2017-12-15 16:26:51.842+0000 INFO [o.n.k.i.DiagnosticsManager] Transaction log:
2017-12-15 16:26:51.843+0000 INFO [o.n.k.i.DiagnosticsManager] No transactions found in any log
2017-12-15 16:26:51.843+0000 INFO [o.n.k.i.DiagnosticsManager] --- STARTED diagnostics for TRANSACTION_RANGE END ---
2017-12-15 16:26:51.843+0000 INFO [o.n.k.i.DiagnosticsManager] --- STARTED diagnostics for KernelDiagnostics:StoreFiles START ---
2017-12-15 16:26:51.844+0000 INFO [o.n.k.i.DiagnosticsManager] Disk space on partition (Total / Free / Free %): 117825921024 / 37666435072 / 31
Storage files: (filename : modification date - size)
2017-12-15 16:26:51.845+0000 INFO [o.n.k.i.DiagnosticsManager]   index:
2017-12-15 16:26:51.846+0000 INFO [o.n.k.i.DiagnosticsManager]   - Total: 2017-12-15T17:26:20+0100 - 0,00 B
2017-12-15 16:26:51.846+0000 INFO [o.n.k.i.DiagnosticsManager]   logs:
2017-12-15 16:26:51.846+0000 INFO [o.n.k.i.DiagnosticsManager]     debug.log: 2017-12-15T17:26:51+0100 - 74,43 kB
2017-12-15 16:26:51.846+0000 INFO [o.n.k.i.DiagnosticsManager]   - Total: 2017-12-15T17:26:19+0100 - 74,43 kB
2017-12-15 16:26:51.847+0000 INFO [o.n.k.i.DiagnosticsManager]   neostore: 2017-12-15T17:26:20+0100 - 8,00 kB
2017-12-15 16:26:51.847+0000 INFO [o.n.k.i.DiagnosticsManager]   neostore.counts.db.a: 2017-12-15T17:26:20+0100 - 96,00 B
2017-12-15 16:26:51.847+0000 INFO [o.n.k.i.DiagnosticsManager]   neostore.id: 2017-12-15T17:26:51+0100 - 9,00 B
2017-12-15 16:26:51.847+0000 INFO [o.n.k.i.DiagnosticsManager]   neostore.labelscanstore.db: 2017-12-15T17:26:50+0100 - 40,00 kB
2017-12-15 16:26:51.847+0000 INFO [o.n.k.i.DiagnosticsManager]   neostore.labeltokenstore.db: 2017-12-15T17:26:19+0100 - 0,00 B
2017-12-15 16:26:51.848+0000 INFO [o.n.k.i.DiagnosticsManager]   neostore.labeltokenstore.db.id: 2017-12-15T17:26:51+0100 - 9,00 B
2017-12-15 16:26:51.848+0000 INFO [o.n.k.i.DiagnosticsManager]   neostore.labeltokenstore.db.names: 2017-12-15T17:26:19+0100 - 8,00 kB
2017-12-15 16:26:51.848+0000 INFO [o.n.k.i.DiagnosticsManager]   neostore.labeltokenstore.db.names.id: 2017-12-15T17:26:51+0100 - 9,00 B
2017-12-15 16:26:51.848+0000 INFO [o.n.k.i.DiagnosticsManager]   neostore.nodestore.db: 2017-12-15T17:26:19+0100 - 0,00 B
2017-12-15 16:26:51.848+0000 INFO [o.n.k.i.DiagnosticsManager]   neostore.nodestore.db.id: 2017-12-15T17:26:50+0100 - 9,00 B
2017-12-15 16:26:51.848+0000 INFO [o.n.k.i.DiagnosticsManager]   neostore.nodestore.db.labels: 2017-12-15T17:26:19+0100 - 8,00 kB
2017-12-15 16:26:51.849+0000 INFO [o.n.k.i.DiagnosticsManager]   neostore.nodestore.db.labels.id: 2017-12-15T17:26:50+0100 - 9,00 B
2017-12-15 16:26:51.849+0000 INFO [o.n.k.i.DiagnosticsManager]   neostore.propertystore.db: 2017-12-15T17:26:19+0100 - 0,00 B
2017-12-15 16:26:51.849+0000 INFO [o.n.k.i.DiagnosticsManager]   neostore.propertystore.db.arrays: 2017-12-15T17:26:19+0100 - 8,00 kB
2017-12-15 16:26:51.849+0000 INFO [o.n.k.i.DiagnosticsManager]   neostore.propertystore.db.arrays.id: 2017-12-15T17:26:51+0100 - 9,00 B
2017-12-15 16:26:51.849+0000 INFO [o.n.k.i.DiagnosticsManager]   neostore.propertystore.db.id: 2017-12-15T17:26:51+0100 - 9,00 B
2017-12-15 16:26:51.850+0000 INFO [o.n.k.i.DiagnosticsManager]   neostore.propertystore.db.index: 2017-12-15T17:26:19+0100 - 0,00 B
2017-12-15 16:26:51.850+0000 INFO [o.n.k.i.DiagnosticsManager]   neostore.propertystore.db.index.id: 2017-12-15T17:26:51+0100 - 9,00 B
2017-12-15 16:26:51.850+0000 INFO [o.n.k.i.DiagnosticsManager]   neostore.propertystore.db.index.keys: 2017-12-15T17:26:19+0100 - 8,00 kB
2017-12-15 16:26:51.850+0000 INFO [o.n.k.i.DiagnosticsManager]   neostore.propertystore.db.index.keys.id: 2017-12-15T17:26:50+0100 - 9,00 B
2017-12-15 16:26:51.850+0000 INFO [o.n.k.i.DiagnosticsManager]   neostore.propertystore.db.strings: 2017-12-15T17:26:19+0100 - 8,00 kB
2017-12-15 16:26:51.850+0000 INFO [o.n.k.i.DiagnosticsManager]   neostore.propertystore.db.strings.id: 2017-12-15T17:26:51+0100 - 9,00 B
2017-12-15 16:26:51.851+0000 INFO [o.n.k.i.DiagnosticsManager]   neostore.relationshipgroupstore.db: 2017-12-15T17:26:20+0100 - 8,00 kB
2017-12-15 16:26:51.851+0000 INFO [o.n.k.i.DiagnosticsManager]   neostore.relationshipgroupstore.db.id: 2017-12-15T17:26:51+0100 - 9,00 B
2017-12-15 16:26:51.851+0000 INFO [o.n.k.i.DiagnosticsManager]   neostore.relationshipstore.db: 2017-12-15T17:26:19+0100 - 0,00 B
2017-12-15 16:26:51.851+0000 INFO [o.n.k.i.DiagnosticsManager]   neostore.relationshipstore.db.id: 2017-12-15T17:26:51+0100 - 9,00 B
2017-12-15 16:26:51.851+0000 INFO [o.n.k.i.DiagnosticsManager]   neostore.relationshiptypestore.db: 2017-12-15T17:26:19+0100 - 0,00 B
2017-12-15 16:26:51.851+0000 INFO [o.n.k.i.DiagnosticsManager]   neostore.relationshiptypestore.db.id: 2017-12-15T17:26:51+0100 - 9,00 B
2017-12-15 16:26:51.851+0000 INFO [o.n.k.i.DiagnosticsManager]   neostore.relationshiptypestore.db.names: 2017-12-15T17:26:19+0100 - 8,00 kB
2017-12-15 16:26:51.852+0000 INFO [o.n.k.i.DiagnosticsManager]   neostore.relationshiptypestore.db.names.id: 2017-12-15T17:26:51+0100 - 9,00 B
2017-12-15 16:26:51.852+0000 INFO [o.n.k.i.DiagnosticsManager]   neostore.schemastore.db: 2017-12-15T17:26:19+0100 - 8,00 kB
2017-12-15 16:26:51.852+0000 INFO [o.n.k.i.DiagnosticsManager]   neostore.schemastore.db.id: 2017-12-15T17:26:51+0100 - 9,00 B
2017-12-15 16:26:51.852+0000 INFO [o.n.k.i.DiagnosticsManager]   neostore.transaction.db.0: 2017-12-15T17:26:20+0100 - 16,00 B
2017-12-15 16:26:51.852+0000 INFO [o.n.k.i.DiagnosticsManager]   store_lock: 2017-12-15T17:26:19+0100 - 0,00 B
2017-12-15 16:26:51.852+0000 INFO [o.n.k.i.DiagnosticsManager] --- STARTED diagnostics for KernelDiagnostics:StoreFiles END ---
